{"/__w/expo-fullstack-starter/expo-fullstack-starter": {"path":"/__w/expo-fullstack-starter/expo-fullstack-starter","statementMap":{},"fnMap":{},"branchMap":{},"s":{},"f":{},"b":{},"meta":{"lastBranch":0,"lastFunction":0,"lastStatement":0,"seen":{}}}
,"/__w/expo-fullstack-starter/expo-fullstack-starter/global.css": {"path":"/__w/expo-fullstack-starter/expo-fullstack-starter/global.css","statementMap":{},"fnMap":{},"branchMap":{},"s":{},"f":{},"b":{},"meta":{"lastBranch":0,"lastFunction":0,"lastStatement":0,"seen":{}}}
,"/__w/expo-fullstack-starter/expo-fullstack-starter/.storybook/preview.tsx": {"path":"/__w/expo-fullstack-starter/expo-fullstack-starter/.storybook/preview.tsx","statementMap":{"0":{"start":{"line":50,"column":8},"end":{"line":50,"column":9}},"1":{"start":{"line":8,"column":28},"end":{"line":8,"column":null}},"2":{"start":{"line":9,"column":26},"end":{"line":9,"column":null}},"3":{"start":{"line":12,"column":25},"end":{"line":28,"column":null}},"4":{"start":{"line":30,"column":39},"end":{"line":47,"column":7}},"5":{"start":{"line":33,"column":4},"end":{"line":33,"column":21}},"6":{"start":{"line":36,"column":18},"end":{"line":36,"column":null}},"7":{"start":{"line":38,"column":14},"end":{"line":38,"column":null}},"8":{"start":{"line":39,"column":6},"end":{"line":42,"column":20}},"9":{"start":{"line":40,"column":4},"end":{"line":40,"column":null}},"10":{"start":{"line":43,"column":6},"end":{"line":47,"column":7}},"11":{"start":{"line":44,"column":4},"end":{"line":44,"column":null}},"12":{"start":{"line":47,"column":6},"end":{"line":47,"column":7}},"13":{"start":{"line":47,"column":6},"end":{"line":85,"column":15}}},"fnMap":{"0":{"name":"(anonymous_0)","decl":{"start":{"line":30,"column":39},"end":{"line":30,"column":null}},"loc":{"start":{"line":30,"column":39},"end":{"line":47,"column":7}},"line":30},"1":{"name":"(anonymous_1)","decl":{"start":{"line":39,"column":6},"end":{"line":39,"column":21}},"loc":{"start":{"line":39,"column":6},"end":{"line":42,"column":14}},"line":39},"2":{"name":"(anonymous_2)","decl":{"start":{"line":43,"column":6},"end":{"line":43,"column":18}},"loc":{"start":{"line":43,"column":18},"end":{"line":46,"column":null}},"line":43}},"branchMap":{"0":{"loc":{"start":{"line":38,"column":14},"end":{"line":38,"column":null}},"type":"binary-expr","locations":[{"start":{"line":38,"column":14},"end":{"line":38,"column":null}},{"start":{"line":38,"column":20},"end":{"line":38,"column":null}}],"line":38},"1":{"loc":{"start":{"line":47,"column":7},"end":{"line":47,"column":null}},"type":"cond-expr","locations":[{"start":{"line":47,"column":7},"end":{"line":47,"column":null}},{"start":{"line":47,"column":7},"end":{"line":47,"column":null}}],"line":47}},"s":{"0":19,"1":19,"2":19,"3":19,"4":19,"5":84,"6":84,"7":84,"8":84,"9":84,"10":84,"11":84,"12":84,"13":19},"f":{"0":84,"1":84,"2":84},"b":{"0":[84,0],"1":[0,84]},"meta":{"lastBranch":2,"lastFunction":3,"lastStatement":14,"seen":{"s:50:8:50:9":0,"s:8:28:8:Infinity":1,"s:9:26:9:Infinity":2,"s:12:25:28:Infinity":3,"s:30:39:47:7":4,"f:30:39:30:Infinity":0,"s:33:4:33:21":5,"s:36:18:36:Infinity":6,"s:38:14:38:Infinity":7,"b:38:14:38:Infinity:38:20:38:Infinity":0,"s:39:6:42:20":8,"f:39:6:39:21":1,"s:40:4:40:Infinity":9,"s:43:6:47:7":10,"f:43:6:43:18":2,"s:44:4:44:Infinity":11,"s:47:6:47:7":12,"b:47:7:47:Infinity:47:7:47:Infinity":1,"s:47:6:85:15":13}}}
,"/__w/expo-fullstack-starter/expo-fullstack-starter/.storybook/translation-keys.ts": {"path":"/__w/expo-fullstack-starter/expo-fullstack-starter/.storybook/translation-keys.ts","statementMap":{"0":{"start":{"line":11,"column":25},"end":{"line":11,"column":null}},"1":{"start":{"line":13,"column":2},"end":{"line":22,"column":null}},"2":{"start":{"line":14,"column":18},"end":{"line":14,"column":null}},"3":{"start":{"line":15,"column":20},"end":{"line":15,"column":null}},"4":{"start":{"line":17,"column":4},"end":{"line":21,"column":null}},"5":{"start":{"line":18,"column":6},"end":{"line":18,"column":null}},"6":{"start":{"line":20,"column":6},"end":{"line":20,"column":null}},"7":{"start":{"line":24,"column":2},"end":{"line":24,"column":null}},"8":{"start":{"line":30,"column":34},"end":{"line":30,"column":null}},"9":{"start":{"line":35,"column":37},"end":{"line":42,"column":null}}},"fnMap":{"0":{"name":"extractKeys","decl":{"start":{"line":7,"column":9},"end":{"line":7,"column":null}},"loc":{"start":{"line":10,"column":20},"end":{"line":25,"column":null}},"line":10}},"branchMap":{"0":{"loc":{"start":{"line":9,"column":2},"end":{"line":9,"column":null}},"type":"default-arg","locations":[{"start":{"line":9,"column":11},"end":{"line":9,"column":null}}],"line":9},"1":{"loc":{"start":{"line":15,"column":20},"end":{"line":15,"column":null}},"type":"cond-expr","locations":[{"start":{"line":15,"column":29},"end":{"line":15,"column":50}},{"start":{"line":15,"column":50},"end":{"line":15,"column":null}}],"line":15},"2":{"loc":{"start":{"line":17,"column":4},"end":{"line":21,"column":null}},"type":"if","locations":[{"start":{"line":17,"column":4},"end":{"line":21,"column":null}},{"start":{"line":19,"column":11},"end":{"line":21,"column":null}}],"line":17},"3":{"loc":{"start":{"line":17,"column":8},"end":{"line":17,"column":53}},"type":"binary-expr","locations":[{"start":{"line":17,"column":8},"end":{"line":17,"column":37}},{"start":{"line":17,"column":37},"end":{"line":17,"column":53}}],"line":17}},"s":{"0":48,"1":48,"2":468,"3":468,"4":468,"5":42,"6":426,"7":48,"8":6,"9":6},"f":{"0":48},"b":{"0":[48],"1":[426,42],"2":[42,426],"3":[468,42]},"meta":{"lastBranch":4,"lastFunction":1,"lastStatement":10,"seen":{"f:7:9:7:Infinity":0,"b:9:11:9:Infinity":0,"s:11:25:11:Infinity":0,"s:13:2:22:Infinity":1,"s:14:18:14:Infinity":2,"s:15:20:15:Infinity":3,"b:15:29:15:50:15:50:15:Infinity":1,"b:17:4:21:Infinity:19:11:21:Infinity":2,"s:17:4:21:Infinity":4,"b:17:8:17:37:17:37:17:53":3,"s:18:6:18:Infinity":5,"s:20:6:20:Infinity":6,"s:24:2:24:Infinity":7,"s:30:34:30:Infinity":8,"s:35:37:42:Infinity":9}}}
,"/__w/expo-fullstack-starter/expo-fullstack-starter/components/auth/LoginScreen.tsx": {"path":"/__w/expo-fullstack-starter/expo-fullstack-starter/components/auth/LoginScreen.tsx","statementMap":{"0":{"start":{"line":31,"column":4},"end":{"line":31,"column":null}},"1":{"start":{"line":1,"column":33},"end":{"line":1,"column":null}},"2":{"start":{"line":21,"column":16},"end":{"line":21,"column":null}},"3":{"start":{"line":22,"column":28},"end":{"line":22,"column":null}},"4":{"start":{"line":23,"column":34},"end":{"line":23,"column":null}},"5":{"start":{"line":24,"column":22},"end":{"line":24,"column":null}},"6":{"start":{"line":26,"column":23},"end":{"line":28,"column":null}},"7":{"start":{"line":27,"column":4},"end":{"line":27,"column":null}},"8":{"start":{"line":30,"column":2},"end":{"line":82,"column":null}},"9":{"start":{"line":42,"column":31},"end":{"line":42,"column":null}}},"fnMap":{"0":{"name":"LoginScreen","decl":{"start":{"line":15,"column":16},"end":{"line":15,"column":28}},"loc":{"start":{"line":20,"column":21},"end":{"line":84,"column":null}},"line":20},"1":{"name":"(anonymous_1)","decl":{"start":{"line":26,"column":23},"end":{"line":26,"column":29}},"loc":{"start":{"line":26,"column":29},"end":{"line":28,"column":null}},"line":26},"2":{"name":"(anonymous_2)","decl":{"start":{"line":42,"column":25},"end":{"line":42,"column":31}},"loc":{"start":{"line":42,"column":31},"end":{"line":42,"column":null}},"line":42}},"branchMap":{"0":{"loc":{"start":{"line":69,"column":11},"end":{"line":69,"column":54}},"type":"cond-expr","locations":[{"start":{"line":69,"column":21},"end":{"line":69,"column":40}},{"start":{"line":69,"column":40},"end":{"line":69,"column":54}}],"line":69}},"s":{"0":1,"1":1,"2":59,"3":59,"4":59,"5":59,"6":59,"7":2,"8":59,"9":1},"f":{"0":59,"1":2,"2":1},"b":{"0":[1,58]},"meta":{"lastBranch":1,"lastFunction":3,"lastStatement":10,"seen":{"s:31:4:31:Infinity":0,"s:1:33:1:Infinity":1,"f:15:16:15:28":0,"s:21:16:21:Infinity":2,"s:22:28:22:Infinity":3,"s:23:34:23:Infinity":4,"s:24:22:24:Infinity":5,"s:26:23:28:Infinity":6,"f:26:23:26:29":1,"s:27:4:27:Infinity":7,"s:30:2:82:Infinity":8,"f:42:25:42:31":2,"s:42:31:42:Infinity":9,"b:69:21:69:40:69:40:69:54":0}}}
,"/__w/expo-fullstack-starter/expo-fullstack-starter/components/auth/RegisterScreen.tsx": {"path":"/__w/expo-fullstack-starter/expo-fullstack-starter/components/auth/RegisterScreen.tsx","statementMap":{"0":{"start":{"line":41,"column":4},"end":{"line":41,"column":null}},"1":{"start":{"line":1,"column":33},"end":{"line":1,"column":null}},"2":{"start":{"line":26,"column":16},"end":{"line":26,"column":null}},"3":{"start":{"line":27,"column":26},"end":{"line":27,"column":null}},"4":{"start":{"line":28,"column":28},"end":{"line":28,"column":null}},"5":{"start":{"line":29,"column":34},"end":{"line":29,"column":null}},"6":{"start":{"line":30,"column":48},"end":{"line":30,"column":null}},"7":{"start":{"line":32,"column":19},"end":{"line":32,"column":null}},"8":{"start":{"line":33,"column":22},"end":{"line":33,"column":null}},"9":{"start":{"line":34,"column":29},"end":{"line":34,"column":null}},"10":{"start":{"line":36,"column":23},"end":{"line":38,"column":null}},"11":{"start":{"line":37,"column":4},"end":{"line":37,"column":null}},"12":{"start":{"line":40,"column":2},"end":{"line":123,"column":null}},"13":{"start":{"line":52,"column":31},"end":{"line":52,"column":null}},"14":{"start":{"line":66,"column":31},"end":{"line":66,"column":null}},"15":{"start":{"line":80,"column":31},"end":{"line":80,"column":null}}},"fnMap":{"0":{"name":"RegisterScreen","decl":{"start":{"line":20,"column":16},"end":{"line":20,"column":31}},"loc":{"start":{"line":25,"column":24},"end":{"line":125,"column":null}},"line":25},"1":{"name":"(anonymous_1)","decl":{"start":{"line":36,"column":23},"end":{"line":36,"column":29}},"loc":{"start":{"line":36,"column":29},"end":{"line":38,"column":null}},"line":36},"2":{"name":"(anonymous_2)","decl":{"start":{"line":52,"column":25},"end":{"line":52,"column":31}},"loc":{"start":{"line":52,"column":31},"end":{"line":52,"column":null}},"line":52},"3":{"name":"(anonymous_3)","decl":{"start":{"line":66,"column":25},"end":{"line":66,"column":31}},"loc":{"start":{"line":66,"column":31},"end":{"line":66,"column":null}},"line":66},"4":{"name":"(anonymous_4)","decl":{"start":{"line":80,"column":25},"end":{"line":80,"column":31}},"loc":{"start":{"line":80,"column":31},"end":{"line":80,"column":null}},"line":80}},"branchMap":{"0":{"loc":{"start":{"line":107,"column":11},"end":{"line":107,"column":60}},"type":"cond-expr","locations":[{"start":{"line":107,"column":21},"end":{"line":107,"column":46}},{"start":{"line":107,"column":46},"end":{"line":107,"column":60}}],"line":107}},"s":{"0":1,"1":1,"2":97,"3":97,"4":97,"5":97,"6":97,"7":97,"8":97,"9":97,"10":97,"11":2,"12":97,"13":1,"14":1,"15":1},"f":{"0":97,"1":2,"2":1,"3":1,"4":1},"b":{"0":[1,96]},"meta":{"lastBranch":1,"lastFunction":5,"lastStatement":16,"seen":{"s:41:4:41:Infinity":0,"s:1:33:1:Infinity":1,"f:20:16:20:31":0,"s:26:16:26:Infinity":2,"s:27:26:27:Infinity":3,"s:28:28:28:Infinity":4,"s:29:34:29:Infinity":5,"s:30:48:30:Infinity":6,"s:32:19:32:Infinity":7,"s:33:22:33:Infinity":8,"s:34:29:34:Infinity":9,"s:36:23:38:Infinity":10,"f:36:23:36:29":1,"s:37:4:37:Infinity":11,"s:40:2:123:Infinity":12,"f:52:25:52:31":2,"s:52:31:52:Infinity":13,"f:66:25:66:31":3,"s:66:31:66:Infinity":14,"f:80:25:80:31":4,"s:80:31:80:Infinity":15,"b:107:21:107:46:107:46:107:60":0}}}
,"/__w/expo-fullstack-starter/expo-fullstack-starter/components/elements/Button.tsx": {"path":"/__w/expo-fullstack-starter/expo-fullstack-starter/components/elements/Button.tsx","statementMap":{"0":{"start":{"line":32,"column":6},"end":{"line":32,"column":7}},"1":{"start":{"line":18,"column":19},"end":{"line":40,"column":null}},"2":{"start":{"line":24,"column":22},"end":{"line":24,"column":null}},"3":{"start":{"line":26,"column":2},"end":{"line":38,"column":null}},"4":{"start":{"line":51,"column":2},"end":{"line":58,"column":null}},"5":{"start":{"line":53,"column":6},"end":{"line":53,"column":null}},"6":{"start":{"line":54,"column":6},"end":{"line":54,"column":null}},"7":{"start":{"line":56,"column":6},"end":{"line":56,"column":null}},"8":{"start":{"line":57,"column":6},"end":{"line":57,"column":null}},"9":{"start":{"line":60,"column":2},"end":{"line":88,"column":null}},"10":{"start":{"line":62,"column":6},"end":{"line":67,"column":null}},"11":{"start":{"line":71,"column":6},"end":{"line":76,"column":null}},"12":{"start":{"line":80,"column":6},"end":{"line":85,"column":null}}},"fnMap":{"0":{"name":"(anonymous_0)","decl":{"start":{"line":18,"column":19},"end":{"line":18,"column":20}},"loc":{"start":{"line":23,"column":23},"end":{"line":40,"column":null}},"line":23},"1":{"name":"Button","decl":{"start":{"line":42,"column":16},"end":{"line":42,"column":23}},"loc":{"start":{"line":49,"column":16},"end":{"line":89,"column":null}},"line":49}},"branchMap":{"0":{"loc":{"start":{"line":21,"column":2},"end":{"line":21,"column":null}},"type":"default-arg","locations":[{"start":{"line":21,"column":18},"end":{"line":21,"column":null}}],"line":21},"1":{"loc":{"start":{"line":29,"column":12},"end":{"line":29,"column":null}},"type":"binary-expr","locations":[{"start":{"line":29,"column":12},"end":{"line":29,"column":26}},{"start":{"line":29,"column":26},"end":{"line":29,"column":null}}],"line":29},"2":{"loc":{"start":{"line":47,"column":2},"end":{"line":47,"column":null}},"type":"default-arg","locations":[{"start":{"line":47,"column":9},"end":{"line":47,"column":null}}],"line":47},"3":{"loc":{"start":{"line":51,"column":2},"end":{"line":58,"column":null}},"type":"switch","locations":[{"start":{"line":52,"column":4},"end":{"line":54,"column":null}},{"start":{"line":55,"column":4},"end":{"line":57,"column":null}}],"line":51},"4":{"loc":{"start":{"line":60,"column":2},"end":{"line":88,"column":null}},"type":"switch","locations":[{"start":{"line":61,"column":4},"end":{"line":67,"column":null}},{"start":{"line":70,"column":4},"end":{"line":76,"column":null}},{"start":{"line":79,"column":4},"end":{"line":85,"column":null}}],"line":60},"5":{"loc":{"start":{"line":65,"column":24},"end":{"line":65,"column":83}},"type":"cond-expr","locations":[{"start":{"line":65,"column":35},"end":{"line":65,"column":51}},{"start":{"line":65,"column":51},"end":{"line":65,"column":83}}],"line":65},"6":{"loc":{"start":{"line":74,"column":94},"end":{"line":74,"column":163}},"type":"cond-expr","locations":[{"start":{"line":74,"column":105},"end":{"line":74,"column":120}},{"start":{"line":74,"column":120},"end":{"line":74,"column":163}}],"line":74},"7":{"loc":{"start":{"line":83,"column":24},"end":{"line":83,"column":80}},"type":"cond-expr","locations":[{"start":{"line":83,"column":35},"end":{"line":83,"column":50}},{"start":{"line":83,"column":50},"end":{"line":83,"column":80}}],"line":83}},"s":{"0":10,"1":10,"2":664,"3":664,"4":664,"5":319,"6":319,"7":345,"8":345,"9":664,"10":401,"11":139,"12":124},"f":{"0":664,"1":664},"b":{"0":[664],"1":[664,664],"2":[664],"3":[319,345],"4":[401,139,124],"5":[30,371],"6":[7,132],"7":[6,118]},"meta":{"lastBranch":8,"lastFunction":2,"lastStatement":13,"seen":{"s:32:6:32:7":0,"s:18:19:40:Infinity":1,"f:18:19:18:20":0,"b:21:18:21:Infinity":0,"s:24:22:24:Infinity":2,"s:26:2:38:Infinity":3,"b:29:12:29:26:29:26:29:Infinity":1,"f:42:16:42:23":1,"b:47:9:47:Infinity":2,"b:52:4:54:Infinity:55:4:57:Infinity":3,"s:51:2:58:Infinity":4,"s:53:6:53:Infinity":5,"s:54:6:54:Infinity":6,"s:56:6:56:Infinity":7,"s:57:6:57:Infinity":8,"b:61:4:67:Infinity:70:4:76:Infinity:79:4:85:Infinity":4,"s:60:2:88:Infinity":9,"s:62:6:67:Infinity":10,"b:65:35:65:51:65:51:65:83":5,"s:71:6:76:Infinity":11,"b:74:105:74:120:74:120:74:163":6,"s:80:6:85:Infinity":12,"b:83:35:83:50:83:50:83:80":7}}}
,"/__w/expo-fullstack-starter/expo-fullstack-starter/components/elements/Divider.tsx": {"path":"/__w/expo-fullstack-starter/expo-fullstack-starter/components/elements/Divider.tsx","statementMap":{"0":{"start":{"line":9,"column":4},"end":{"line":9,"column":5}},"1":{"start":{"line":8,"column":2},"end":{"line":10,"column":null}}},"fnMap":{"0":{"name":"Divider","decl":{"start":{"line":7,"column":16},"end":{"line":7,"column":24}},"loc":{"start":{"line":7,"column":53},"end":{"line":13,"column":null}},"line":7}},"branchMap":{"0":{"loc":{"start":{"line":10,"column":66},"end":{"line":10,"column":81}},"type":"binary-expr","locations":[{"start":{"line":10,"column":66},"end":{"line":10,"column":79}},{"start":{"line":10,"column":79},"end":{"line":10,"column":81}}],"line":10}},"s":{"0":5,"1":26},"f":{"0":26},"b":{"0":[26,1]},"meta":{"lastBranch":1,"lastFunction":1,"lastStatement":2,"seen":{"s:9:4:9:5":0,"f:7:16:7:24":0,"s:8:2:10:Infinity":1,"b:10:66:10:79:10:79:10:81":0}}}
,"/__w/expo-fullstack-starter/expo-fullstack-starter/components/elements/ErrorMessage.tsx": {"path":"/__w/expo-fullstack-starter/expo-fullstack-starter/components/elements/ErrorMessage.tsx","statementMap":{"0":{"start":{"line":12,"column":6},"end":{"line":12,"column":7}},"1":{"start":{"line":8,"column":2},"end":{"line":8,"column":null}},"2":{"start":{"line":8,"column":14},"end":{"line":8,"column":null}},"3":{"start":{"line":10,"column":2},"end":{"line":15,"column":null}}},"fnMap":{"0":{"name":"ErrorMessage","decl":{"start":{"line":7,"column":16},"end":{"line":7,"column":29}},"loc":{"start":{"line":7,"column":59},"end":{"line":17,"column":null}},"line":7}},"branchMap":{"0":{"loc":{"start":{"line":8,"column":2},"end":{"line":8,"column":null}},"type":"if","locations":[{"start":{"line":8,"column":2},"end":{"line":8,"column":null}},{"start":{},"end":{}}],"line":8}},"s":{"0":8,"1":389,"2":382,"3":7},"f":{"0":389},"b":{"0":[382,7]},"meta":{"lastBranch":1,"lastFunction":1,"lastStatement":4,"seen":{"s:12:6:12:7":0,"f:7:16:7:29":0,"b:8:2:8:Infinity:undefined:undefined:undefined:undefined":0,"s:8:2:8:Infinity":1,"s:8:14:8:Infinity":2,"s:10:2:15:Infinity":3}}}
,"/__w/expo-fullstack-starter/expo-fullstack-starter/components/elements/FormTextInput.tsx": {"path":"/__w/expo-fullstack-starter/expo-fullstack-starter/components/elements/FormTextInput.tsx","statementMap":{"0":{"start":{"line":29,"column":6},"end":{"line":29,"column":7}},"1":{"start":{"line":2,"column":27},"end":{"line":2,"column":null}},"2":{"start":{"line":24,"column":22},"end":{"line":40,"column":null}},"3":{"start":{"line":26,"column":18},"end":{"line":26,"column":null}},"4":{"start":{"line":28,"column":4},"end":{"line":36,"column":null}},"5":{"start":{"line":42,"column":0},"end":{"line":42,"column":null}},"6":{"start":{"line":44,"column":29},"end":{"line":98,"column":null}},"7":{"start":{"line":46,"column":18},"end":{"line":46,"column":null}},"8":{"start":{"line":48,"column":33},"end":{"line":85,"column":null}},"9":{"start":{"line":49,"column":6},"end":{"line":84,"column":null}},"10":{"start":{"line":51,"column":10},"end":{"line":54,"column":null}},"11":{"start":{"line":56,"column":10},"end":{"line":61,"column":null}},"12":{"start":{"line":63,"column":10},"end":{"line":70,"column":null}},"13":{"start":{"line":72,"column":10},"end":{"line":79,"column":null}},"14":{"start":{"line":81,"column":10},"end":{"line":83,"column":null}},"15":{"start":{"line":87,"column":4},"end":{"line":95,"column":null}},"16":{"start":{"line":100,"column":0},"end":{"line":100,"column":null}}},"fnMap":{"0":{"name":"(anonymous_0)","decl":{"start":{"line":25,"column":2},"end":{"line":25,"column":3}},"loc":{"start":{"line":25,"column":59},"end":{"line":39,"column":null}},"line":25},"1":{"name":"(anonymous_1)","decl":{"start":{"line":45,"column":2},"end":{"line":45,"column":3}},"loc":{"start":{"line":45,"column":58},"end":{"line":97,"column":null}},"line":45},"2":{"name":"(anonymous_2)","decl":{"start":{"line":48,"column":33},"end":{"line":48,"column":39}},"loc":{"start":{"line":48,"column":39},"end":{"line":85,"column":null}},"line":48}},"branchMap":{"0":{"loc":{"start":{"line":49,"column":6},"end":{"line":84,"column":null}},"type":"switch","locations":[{"start":{"line":50,"column":8},"end":{"line":54,"column":null}},{"start":{"line":55,"column":8},"end":{"line":61,"column":null}},{"start":{"line":62,"column":8},"end":{"line":70,"column":null}},{"start":{"line":71,"column":8},"end":{"line":79,"column":null}},{"start":{"line":80,"column":8},"end":{"line":83,"column":null}}],"line":49},"1":{"loc":{"start":{"line":89,"column":9},"end":{"line":92,"column":null}},"type":"binary-expr","locations":[{"start":{"line":89,"column":9},"end":{"line":89,"column":null}},{"start":{"line":90,"column":10},"end":{"line":92,"column":null}}],"line":89}},"s":{"0":8,"1":8,"2":8,"3":946,"4":946,"5":8,"6":8,"7":946,"8":946,"9":946,"10":98,"11":157,"12":60,"13":195,"14":436,"15":946,"16":8},"f":{"0":946,"1":946,"2":946},"b":{"0":[98,157,60,195,436],"1":[946,539]},"meta":{"lastBranch":2,"lastFunction":3,"lastStatement":17,"seen":{"s:29:6:29:7":0,"s:2:27:2:Infinity":1,"s:24:22:40:Infinity":2,"f:25:2:25:3":0,"s:26:18:26:Infinity":3,"s:28:4:36:Infinity":4,"s:42:0:42:Infinity":5,"s:44:29:98:Infinity":6,"f:45:2:45:3":1,"s:46:18:46:Infinity":7,"s:48:33:85:Infinity":8,"f:48:33:48:39":2,"b:50:8:54:Infinity:55:8:61:Infinity:62:8:70:Infinity:71:8:79:Infinity:80:8:83:Infinity":0,"s:49:6:84:Infinity":9,"s:51:10:54:Infinity":10,"s:56:10:61:Infinity":11,"s:63:10:70:Infinity":12,"s:72:10:79:Infinity":13,"s:81:10:83:Infinity":14,"s:87:4:95:Infinity":15,"b:89:9:89:Infinity:90:10:92:Infinity":1,"s:100:0:100:Infinity":16}}}
,"/__w/expo-fullstack-starter/expo-fullstack-starter/components/elements/LoadingScreen.tsx": {"path":"/__w/expo-fullstack-starter/expo-fullstack-starter/components/elements/LoadingScreen.tsx","statementMap":{"0":{"start":{"line":9,"column":6},"end":{"line":9,"column":7}},"1":{"start":{"line":5,"column":16},"end":{"line":5,"column":null}},"2":{"start":{"line":7,"column":2},"end":{"line":13,"column":null}}},"fnMap":{"0":{"name":"LoadingScreen","decl":{"start":{"line":4,"column":16},"end":{"line":4,"column":32}},"loc":{"start":{"line":4,"column":32},"end":{"line":15,"column":null}},"line":4}},"branchMap":{},"s":{"0":1,"1":1,"2":1},"f":{"0":1},"b":{},"meta":{"lastBranch":0,"lastFunction":1,"lastStatement":3,"seen":{"s:9:6:9:7":0,"f:4:16:4:32":0,"s:5:16:5:Infinity":1,"s:7:2:13:Infinity":2}}}
,"/__w/expo-fullstack-starter/expo-fullstack-starter/components/elements/ModalHeader.tsx": {"path":"/__w/expo-fullstack-starter/expo-fullstack-starter/components/elements/ModalHeader.tsx","statementMap":{"0":{"start":{"line":19,"column":8},"end":{"line":19,"column":9}},"1":{"start":{"line":3,"column":31},"end":{"line":3,"column":null}},"2":{"start":{"line":13,"column":16},"end":{"line":13,"column":null}},"3":{"start":{"line":14,"column":26},"end":{"line":14,"column":null}},"4":{"start":{"line":16,"column":2},"end":{"line":35,"column":null}}},"fnMap":{"0":{"name":"ModalHeader","decl":{"start":{"line":12,"column":16},"end":{"line":12,"column":28}},"loc":{"start":{"line":12,"column":66},"end":{"line":37,"column":null}},"line":12}},"branchMap":{"0":{"loc":{"start":{"line":31,"column":19},"end":{"line":31,"column":63}},"type":"cond-expr","locations":[{"start":{"line":31,"column":44},"end":{"line":31,"column":53}},{"start":{"line":31,"column":53},"end":{"line":31,"column":63}}],"line":31}},"s":{"0":2,"1":2,"2":12,"3":12,"4":12},"f":{"0":12},"b":{"0":[0,12]},"meta":{"lastBranch":1,"lastFunction":1,"lastStatement":5,"seen":{"s:19:8:19:9":0,"s:3:31:3:Infinity":1,"f:12:16:12:28":0,"s:13:16:13:Infinity":2,"s:14:26:14:Infinity":3,"s:16:2:35:Infinity":4,"b:31:44:31:53:31:53:31:63":0}}}
,"/__w/expo-fullstack-starter/expo-fullstack-starter/components/elements/ModalWrapper.tsx": {"path":"/__w/expo-fullstack-starter/expo-fullstack-starter/components/elements/ModalWrapper.tsx","statementMap":{"0":{"start":{"line":85,"column":14},"end":{"line":85,"column":15}},"1":{"start":{"line":2,"column":34},"end":{"line":2,"column":null}},"2":{"start":{"line":28,"column":23},"end":{"line":28,"column":null}},"3":{"start":{"line":30,"column":2},"end":{"line":41,"column":null}},"4":{"start":{"line":31,"column":4},"end":{"line":40,"column":null}},"5":{"start":{"line":32,"column":6},"end":{"line":37,"column":null}},"6":{"start":{"line":39,"column":6},"end":{"line":39,"column":null}},"7":{"start":{"line":43,"column":26},"end":{"line":46,"column":null}},"8":{"start":{"line":48,"column":22},"end":{"line":55,"column":null}},"9":{"start":{"line":50,"column":4},"end":{"line":54,"column":null}},"10":{"start":{"line":51,"column":6},"end":{"line":51,"column":null}},"11":{"start":{"line":53,"column":6},"end":{"line":53,"column":null}},"12":{"start":{"line":57,"column":22},"end":{"line":61,"column":null}},"13":{"start":{"line":58,"column":4},"end":{"line":60,"column":null}},"14":{"start":{"line":59,"column":6},"end":{"line":59,"column":null}},"15":{"start":{"line":63,"column":2},"end":{"line":94,"column":null}}},"fnMap":{"0":{"name":"ModalWrapper","decl":{"start":{"line":22,"column":16},"end":{"line":22,"column":29}},"loc":{"start":{"line":27,"column":22},"end":{"line":96,"column":null}},"line":27},"1":{"name":"(anonymous_1)","decl":{"start":{"line":30,"column":12},"end":{"line":30,"column":18}},"loc":{"start":{"line":30,"column":18},"end":{"line":41,"column":5}},"line":30},"2":{"name":"(anonymous_2)","decl":{"start":{"line":48,"column":22},"end":{"line":48,"column":28}},"loc":{"start":{"line":48,"column":28},"end":{"line":55,"column":null}},"line":48},"3":{"name":"(anonymous_3)","decl":{"start":{"line":57,"column":22},"end":{"line":57,"column":28}},"loc":{"start":{"line":57,"column":28},"end":{"line":61,"column":null}},"line":57}},"branchMap":{"0":{"loc":{"start":{"line":31,"column":4},"end":{"line":40,"column":null}},"type":"if","locations":[{"start":{"line":31,"column":4},"end":{"line":40,"column":null}},{"start":{"line":38,"column":11},"end":{"line":40,"column":null}}],"line":31},"1":{"loc":{"start":{"line":50,"column":4},"end":{"line":54,"column":null}},"type":"if","locations":[{"start":{"line":50,"column":4},"end":{"line":54,"column":null}},{"start":{"line":52,"column":11},"end":{"line":54,"column":null}}],"line":50},"2":{"loc":{"start":{"line":58,"column":4},"end":{"line":60,"column":null}},"type":"if","locations":[{"start":{"line":58,"column":4},"end":{"line":60,"column":null}},{"start":{},"end":{}}],"line":58},"3":{"loc":{"start":{"line":83,"column":24},"end":{"line":83,"column":null}},"type":"cond-expr","locations":[{"start":{"line":83,"column":48},"end":{"line":83,"column":60}},{"start":{"line":83,"column":60},"end":{"line":83,"column":null}}],"line":83}},"s":{"0":1,"1":1,"2":13,"3":13,"4":13,"5":5,"6":8,"7":13,"8":13,"9":3,"10":1,"11":2,"12":13,"13":1,"14":1,"15":13},"f":{"0":13,"1":13,"2":3,"3":1},"b":{"0":[5,8],"1":[1,2],"2":[1,0],"3":[0,13]},"meta":{"lastBranch":4,"lastFunction":4,"lastStatement":16,"seen":{"s:85:14:85:15":0,"s:2:34:2:Infinity":1,"f:22:16:22:29":0,"s:28:23:28:Infinity":2,"s:30:2:41:Infinity":3,"f:30:12:30:18":1,"b:31:4:40:Infinity:38:11:40:Infinity":0,"s:31:4:40:Infinity":4,"s:32:6:37:Infinity":5,"s:39:6:39:Infinity":6,"s:43:26:46:Infinity":7,"s:48:22:55:Infinity":8,"f:48:22:48:28":2,"b:50:4:54:Infinity:52:11:54:Infinity":1,"s:50:4:54:Infinity":9,"s:51:6:51:Infinity":10,"s:53:6:53:Infinity":11,"s:57:22:61:Infinity":12,"f:57:22:57:28":3,"b:58:4:60:Infinity:undefined:undefined:undefined:undefined":2,"s:58:4:60:Infinity":13,"s:59:6:59:Infinity":14,"s:63:2:94:Infinity":15,"b:83:48:83:60:83:60:83:Infinity":3}}}
,"/__w/expo-fullstack-starter/expo-fullstack-starter/components/profile/ProfileInfoField.tsx": {"path":"/__w/expo-fullstack-starter/expo-fullstack-starter/components/profile/ProfileInfoField.tsx","statementMap":{"0":{"start":{"line":33,"column":6},"end":{"line":33,"column":7}},"1":{"start":{"line":19,"column":16},"end":{"line":19,"column":null}},"2":{"start":{"line":21,"column":20},"end":{"line":21,"column":null}},"3":{"start":{"line":22,"column":29},"end":{"line":24,"column":null}},"4":{"start":{"line":26,"column":2},"end":{"line":39,"column":null}}},"fnMap":{"0":{"name":"ProfileInfoField","decl":{"start":{"line":12,"column":16},"end":{"line":12,"column":33}},"loc":{"start":{"line":18,"column":26},"end":{"line":41,"column":null}},"line":18}},"branchMap":{"0":{"loc":{"start":{"line":21,"column":20},"end":{"line":21,"column":null}},"type":"cond-expr","locations":[{"start":{"line":21,"column":30},"end":{"line":21,"column":42}},{"start":{"line":21,"column":42},"end":{"line":21,"column":null}}],"line":21},"1":{"loc":{"start":{"line":22,"column":29},"end":{"line":24,"column":null}},"type":"cond-expr","locations":[{"start":{"line":23,"column":6},"end":{"line":23,"column":null}},{"start":{"line":24,"column":6},"end":{"line":24,"column":null}}],"line":22},"2":{"loc":{"start":{"line":31,"column":12},"end":{"line":31,"column":null}},"type":"cond-expr","locations":[{"start":{"line":31,"column":22},"end":{"line":31,"column":33}},{"start":{"line":31,"column":33},"end":{"line":31,"column":null}}],"line":31}},"s":{"0":2,"1":27,"2":27,"3":27,"4":27},"f":{"0":27},"b":{"0":[15,12],"1":[15,12],"2":[15,12]},"meta":{"lastBranch":3,"lastFunction":1,"lastStatement":5,"seen":{"s:33:6:33:7":0,"f:12:16:12:33":0,"s:19:16:19:Infinity":1,"s:21:20:21:Infinity":2,"b:21:30:21:42:21:42:21:Infinity":0,"s:22:29:24:Infinity":3,"b:23:6:23:Infinity:24:6:24:Infinity":1,"s:26:2:39:Infinity":4,"b:31:22:31:33:31:33:31:Infinity":2}}}
,"/__w/expo-fullstack-starter/expo-fullstack-starter/components/profile/ProfileScreen.tsx": {"path":"/__w/expo-fullstack-starter/expo-fullstack-starter/components/profile/ProfileScreen.tsx","statementMap":{"0":{"start":{"line":31,"column":4},"end":{"line":31,"column":null}},"1":{"start":{"line":28,"column":16},"end":{"line":28,"column":null}},"2":{"start":{"line":30,"column":2},"end":{"line":71,"column":null}}},"fnMap":{"0":{"name":"ProfileScreen","decl":{"start":{"line":18,"column":16},"end":{"line":18,"column":30}},"loc":{"start":{"line":27,"column":23},"end":{"line":73,"column":null}},"line":27}},"branchMap":{"0":{"loc":{"start":{"line":34,"column":15},"end":{"line":34,"column":null}},"type":"binary-expr","locations":[{"start":{"line":34,"column":15},"end":{"line":34,"column":27}},{"start":{"line":34,"column":27},"end":{"line":34,"column":null}}],"line":34},"1":{"loc":{"start":{"line":40,"column":15},"end":{"line":40,"column":null}},"type":"binary-expr","locations":[{"start":{"line":40,"column":15},"end":{"line":40,"column":28}},{"start":{"line":40,"column":28},"end":{"line":40,"column":null}}],"line":40},"2":{"loc":{"start":{"line":65,"column":11},"end":{"line":65,"column":null}},"type":"cond-expr","locations":[{"start":{"line":65,"column":24},"end":{"line":65,"column":47}},{"start":{"line":65,"column":47},"end":{"line":65,"column":null}}],"line":65}},"s":{"0":1,"1":6,"2":6},"f":{"0":6},"b":{"0":[6,1],"1":[6,1],"2":[1,5]},"meta":{"lastBranch":3,"lastFunction":1,"lastStatement":3,"seen":{"s:31:4:31:Infinity":0,"f:18:16:18:30":0,"s:28:16:28:Infinity":1,"s:30:2:71:Infinity":2,"b:34:15:34:27:34:27:34:Infinity":0,"b:40:15:40:28:40:28:40:Infinity":1,"b:65:24:65:47:65:47:65:Infinity":2}}}
,"/__w/expo-fullstack-starter/expo-fullstack-starter/components/todos/CategoryFormModal.tsx": {"path":"/__w/expo-fullstack-starter/expo-fullstack-starter/components/todos/CategoryFormModal.tsx","statementMap":{"0":{"start":{"line":65,"column":6},"end":{"line":65,"column":7}},"1":{"start":{"line":4,"column":36},"end":{"line":4,"column":null}},"2":{"start":{"line":11,"column":29},"end":{"line":18,"column":null}},"3":{"start":{"line":21,"column":28},"end":{"line":21,"column":null}},"4":{"start":{"line":42,"column":26},"end":{"line":42,"column":null}},"5":{"start":{"line":43,"column":28},"end":{"line":43,"column":null}},"6":{"start":{"line":44,"column":26},"end":{"line":44,"column":null}},"7":{"start":{"line":46,"column":23},"end":{"line":48,"column":null}},"8":{"start":{"line":47,"column":4},"end":{"line":47,"column":null}},"9":{"start":{"line":51,"column":2},"end":{"line":61,"column":null}},"10":{"start":{"line":52,"column":4},"end":{"line":60,"column":null}},"11":{"start":{"line":53,"column":6},"end":{"line":53,"column":null}},"12":{"start":{"line":54,"column":6},"end":{"line":54,"column":null}},"13":{"start":{"line":55,"column":6},"end":{"line":55,"column":null}},"14":{"start":{"line":56,"column":4},"end":{"line":60,"column":null}},"15":{"start":{"line":57,"column":6},"end":{"line":57,"column":null}},"16":{"start":{"line":58,"column":6},"end":{"line":58,"column":null}},"17":{"start":{"line":59,"column":6},"end":{"line":59,"column":null}},"18":{"start":{"line":63,"column":2},"end":{"line":144,"column":null}}},"fnMap":{"0":{"name":"CategoryFormModal","decl":{"start":{"line":33,"column":16},"end":{"line":33,"column":34}},"loc":{"start":{"line":41,"column":27},"end":{"line":146,"column":null}},"line":41},"1":{"name":"(anonymous_1)","decl":{"start":{"line":46,"column":23},"end":{"line":46,"column":29}},"loc":{"start":{"line":46,"column":29},"end":{"line":48,"column":null}},"line":46},"2":{"name":"(anonymous_2)","decl":{"start":{"line":51,"column":12},"end":{"line":51,"column":18}},"loc":{"start":{"line":51,"column":18},"end":{"line":61,"column":5}},"line":51}},"branchMap":{"0":{"loc":{"start":{"line":42,"column":35},"end":{"line":42,"column":55}},"type":"binary-expr","locations":[{"start":{"line":42,"column":35},"end":{"line":42,"column":53}},{"start":{"line":42,"column":53},"end":{"line":42,"column":55}}],"line":42},"1":{"loc":{"start":{"line":43,"column":37},"end":{"line":43,"column":72}},"type":"binary-expr","locations":[{"start":{"line":43,"column":37},"end":{"line":43,"column":56}},{"start":{"line":43,"column":56},"end":{"line":43,"column":72}}],"line":43},"2":{"loc":{"start":{"line":44,"column":35},"end":{"line":44,"column":68}},"type":"binary-expr","locations":[{"start":{"line":44,"column":35},"end":{"line":44,"column":53}},{"start":{"line":44,"column":53},"end":{"line":44,"column":68}}],"line":44},"3":{"loc":{"start":{"line":52,"column":4},"end":{"line":60,"column":null}},"type":"if","locations":[{"start":{"line":52,"column":4},"end":{"line":60,"column":null}},{"start":{"line":56,"column":4},"end":{"line":60,"column":null}}],"line":52},"4":{"loc":{"start":{"line":52,"column":8},"end":{"line":52,"column":29}},"type":"binary-expr","locations":[{"start":{"line":52,"column":8},"end":{"line":52,"column":19}},{"start":{"line":52,"column":19},"end":{"line":52,"column":29}}],"line":52},"5":{"loc":{"start":{"line":54,"column":15},"end":{"line":54,"column":49}},"type":"binary-expr","locations":[{"start":{"line":54,"column":15},"end":{"line":54,"column":33}},{"start":{"line":54,"column":33},"end":{"line":54,"column":49}}],"line":54},"6":{"loc":{"start":{"line":55,"column":14},"end":{"line":55,"column":46}},"type":"binary-expr","locations":[{"start":{"line":55,"column":14},"end":{"line":55,"column":31}},{"start":{"line":55,"column":31},"end":{"line":55,"column":46}}],"line":55},"7":{"loc":{"start":{"line":56,"column":4},"end":{"line":60,"column":null}},"type":"if","locations":[{"start":{"line":56,"column":4},"end":{"line":60,"column":null}},{"start":{},"end":{}}],"line":56},"8":{"loc":{"start":{"line":56,"column":15},"end":{"line":56,"column":37}},"type":"binary-expr","locations":[{"start":{"line":56,"column":15},"end":{"line":56,"column":26}},{"start":{"line":56,"column":26},"end":{"line":56,"column":37}}],"line":56},"9":{"loc":{"start":{"line":116,"column":12},"end":{"line":122,"column":null}},"type":"cond-expr","locations":[{"start":{"line":117,"column":16},"end":{"line":119,"column":null}},{"start":{"line":120,"column":16},"end":{"line":122,"column":null}}],"line":116},"10":{"loc":{"start":{"line":117,"column":16},"end":{"line":119,"column":null}},"type":"cond-expr","locations":[{"start":{"line":118,"column":18},"end":{"line":118,"column":null}},{"start":{"line":119,"column":18},"end":{"line":119,"column":null}}],"line":117},"11":{"loc":{"start":{"line":120,"column":16},"end":{"line":122,"column":null}},"type":"cond-expr","locations":[{"start":{"line":121,"column":18},"end":{"line":121,"column":null}},{"start":{"line":122,"column":18},"end":{"line":122,"column":null}}],"line":120},"12":{"loc":{"start":{"line":132,"column":7},"end":{"line":142,"column":null}},"type":"binary-expr","locations":[{"start":{"line":132,"column":7},"end":{"line":132,"column":19}},{"start":{"line":132,"column":19},"end":{"line":132,"column":null}},{"start":{"line":133,"column":8},"end":{"line":142,"column":null}}],"line":132}},"s":{"0":3,"1":3,"2":3,"3":3,"4":28,"5":28,"6":28,"7":28,"8":2,"9":28,"10":3,"11":2,"12":2,"13":2,"14":1,"15":1,"16":1,"17":1,"18":28},"f":{"0":28,"1":2,"2":3},"b":{"0":[28,10],"1":[28,10],"2":[28,10],"3":[2,1],"4":[3,3],"5":[2,0],"6":[2,0],"7":[1,0],"8":[1,1],"9":[1,27],"10":[1,0],"11":[17,10],"12":[28,18,18]},"meta":{"lastBranch":13,"lastFunction":3,"lastStatement":19,"seen":{"s:65:6:65:7":0,"s:4:36:4:Infinity":1,"s:11:29:18:Infinity":2,"s:21:28:21:Infinity":3,"f:33:16:33:34":0,"s:42:26:42:Infinity":4,"b:42:35:42:53:42:53:42:55":0,"s:43:28:43:Infinity":5,"b:43:37:43:56:43:56:43:72":1,"s:44:26:44:Infinity":6,"b:44:35:44:53:44:53:44:68":2,"s:46:23:48:Infinity":7,"f:46:23:46:29":1,"s:47:4:47:Infinity":8,"s:51:2:61:Infinity":9,"f:51:12:51:18":2,"b:52:4:60:Infinity:56:4:60:Infinity":3,"s:52:4:60:Infinity":10,"b:52:8:52:19:52:19:52:29":4,"s:53:6:53:Infinity":11,"s:54:6:54:Infinity":12,"b:54:15:54:33:54:33:54:49":5,"s:55:6:55:Infinity":13,"b:55:14:55:31:55:31:55:46":6,"b:56:4:60:Infinity:undefined:undefined:undefined:undefined":7,"s:56:4:60:Infinity":14,"b:56:15:56:26:56:26:56:37":8,"s:57:6:57:Infinity":15,"s:58:6:58:Infinity":16,"s:59:6:59:Infinity":17,"s:63:2:144:Infinity":18,"b:117:16:119:Infinity:120:16:122:Infinity":9,"b:118:18:118:Infinity:119:18:119:Infinity":10,"b:121:18:121:Infinity:122:18:122:Infinity":11,"b:132:7:132:19:132:19:132:Infinity:133:8:142:Infinity":12}}}
,"/__w/expo-fullstack-starter/expo-fullstack-starter/components/todos/CategorySelectorBadge.tsx": {"path":"/__w/expo-fullstack-starter/expo-fullstack-starter/components/todos/CategorySelectorBadge.tsx","statementMap":{"0":{"start":{"line":39,"column":8},"end":{"line":39,"column":9}},"1":{"start":{"line":19,"column":34},"end":{"line":57,"column":null}},"2":{"start":{"line":28,"column":2},"end":{"line":55,"column":null}},"3":{"start":{"line":31,"column":21},"end":{"line":31,"column":null}},"4":{"start":{"line":68,"column":2},"end":{"line":107,"column":null}},"5":{"start":{"line":70,"column":6},"end":{"line":85,"column":null}},"6":{"start":{"line":89,"column":6},"end":{"line":104,"column":null}}},"fnMap":{"0":{"name":"(anonymous_0)","decl":{"start":{"line":19,"column":34},"end":{"line":19,"column":35}},"loc":{"start":{"line":27,"column":38},"end":{"line":57,"column":null}},"line":27},"1":{"name":"(anonymous_1)","decl":{"start":{"line":31,"column":15},"end":{"line":31,"column":21}},"loc":{"start":{"line":31,"column":21},"end":{"line":31,"column":null}},"line":31},"2":{"name":"CategorySelectorBadge","decl":{"start":{"line":59,"column":24},"end":{"line":59,"column":46}},"loc":{"start":{"line":67,"column":31},"end":{"line":108,"column":null}},"line":67}},"branchMap":{"0":{"loc":{"start":{"line":38,"column":7},"end":{"line":42,"column":null}},"type":"cond-expr","locations":[{"start":{"line":39,"column":8},"end":{"line":41,"column":null}},{"start":{"line":42,"column":10},"end":{"line":42,"column":null}}],"line":38},"1":{"loc":{"start":{"line":46,"column":10},"end":{"line":48,"column":null}},"type":"cond-expr","locations":[{"start":{"line":47,"column":14},"end":{"line":47,"column":null}},{"start":{"line":48,"column":14},"end":{"line":48,"column":null}}],"line":46},"2":{"loc":{"start":{"line":46,"column":10},"end":{"line":46,"column":null}},"type":"binary-expr","locations":[{"start":{"line":46,"column":10},"end":{"line":46,"column":28}},{"start":{"line":46,"column":28},"end":{"line":46,"column":null}}],"line":46},"3":{"loc":{"start":{"line":53,"column":9},"end":{"line":53,"column":null}},"type":"binary-expr","locations":[{"start":{"line":53,"column":9},"end":{"line":53,"column":32}},{"start":{"line":53,"column":32},"end":{"line":53,"column":null}}],"line":53},"4":{"loc":{"start":{"line":68,"column":2},"end":{"line":107,"column":null}},"type":"switch","locations":[{"start":{"line":69,"column":4},"end":{"line":85,"column":null}},{"start":{"line":88,"column":4},"end":{"line":104,"column":null}}],"line":68},"5":{"loc":{"start":{"line":72,"column":31},"end":{"line":72,"column":null}},"type":"binary-expr","locations":[{"start":{"line":72,"column":31},"end":{"line":72,"column":54}},{"start":{"line":72,"column":54},"end":{"line":72,"column":null}}],"line":72},"6":{"loc":{"start":{"line":74,"column":12},"end":{"line":76,"column":80}},"type":"cond-expr","locations":[{"start":{"line":75,"column":16},"end":{"line":75,"column":null}},{"start":{"line":76,"column":16},"end":{"line":76,"column":80}}],"line":74},"7":{"loc":{"start":{"line":79,"column":12},"end":{"line":81,"column":50}},"type":"cond-expr","locations":[{"start":{"line":80,"column":16},"end":{"line":80,"column":null}},{"start":{"line":81,"column":16},"end":{"line":81,"column":50}}],"line":79},"8":{"loc":{"start":{"line":91,"column":31},"end":{"line":91,"column":null}},"type":"binary-expr","locations":[{"start":{"line":91,"column":31},"end":{"line":91,"column":54}},{"start":{"line":91,"column":54},"end":{"line":91,"column":null}}],"line":91},"9":{"loc":{"start":{"line":93,"column":12},"end":{"line":95,"column":80}},"type":"cond-expr","locations":[{"start":{"line":94,"column":16},"end":{"line":94,"column":null}},{"start":{"line":95,"column":16},"end":{"line":95,"column":80}}],"line":93},"10":{"loc":{"start":{"line":98,"column":12},"end":{"line":100,"column":50}},"type":"cond-expr","locations":[{"start":{"line":99,"column":16},"end":{"line":99,"column":null}},{"start":{"line":100,"column":16},"end":{"line":100,"column":50}}],"line":98}},"s":{"0":4,"1":4,"2":600,"3":9,"4":600,"5":38,"6":562},"f":{"0":600,"1":9,"2":600},"b":{"0":[400,200],"1":[523,77],"2":[600,588],"3":[600,38],"4":[38,562],"5":[38,34],"6":[7,31],"7":[7,31],"8":[562,561],"9":[63,499],"10":[63,499]},"meta":{"lastBranch":11,"lastFunction":3,"lastStatement":7,"seen":{"s:39:8:39:9":0,"s:19:34:57:Infinity":1,"f:19:34:19:35":0,"s:28:2:55:Infinity":2,"f:31:15:31:21":1,"s:31:21:31:Infinity":3,"b:39:8:41:Infinity:42:10:42:Infinity":0,"b:47:14:47:Infinity:48:14:48:Infinity":1,"b:46:10:46:28:46:28:46:Infinity":2,"b:53:9:53:32:53:32:53:Infinity":3,"f:59:24:59:46":2,"b:69:4:85:Infinity:88:4:104:Infinity":4,"s:68:2:107:Infinity":4,"s:70:6:85:Infinity":5,"b:72:31:72:54:72:54:72:Infinity":5,"b:75:16:75:Infinity:76:16:76:80":6,"b:80:16:80:Infinity:81:16:81:50":7,"s:89:6:104:Infinity":6,"b:91:31:91:54:91:54:91:Infinity":8,"b:94:16:94:Infinity:95:16:95:80":9,"b:99:16:99:Infinity:100:16:100:50":10}}}
,"/__w/expo-fullstack-starter/expo-fullstack-starter/components/todos/CategorySelectorEntry.tsx": {"path":"/__w/expo-fullstack-starter/expo-fullstack-starter/components/todos/CategorySelectorEntry.tsx","statementMap":{"0":{"start":{"line":39,"column":12},"end":{"line":39,"column":13}},"1":{"start":{"line":4,"column":25},"end":{"line":4,"column":null}},"2":{"start":{"line":26,"column":21},"end":{"line":26,"column":null}},"3":{"start":{"line":27,"column":36},"end":{"line":27,"column":null}},"4":{"start":{"line":29,"column":2},"end":{"line":87,"column":null}},"5":{"start":{"line":33,"column":28},"end":{"line":33,"column":null}},"6":{"start":{"line":34,"column":28},"end":{"line":34,"column":null}},"7":{"start":{"line":49,"column":23},"end":{"line":49,"column":null}},"8":{"start":{"line":72,"column":12},"end":{"line":72,"column":null}},"9":{"start":{"line":73,"column":12},"end":{"line":73,"column":null}}},"fnMap":{"0":{"name":"CategorySelectorEntry","decl":{"start":{"line":18,"column":16},"end":{"line":18,"column":38}},"loc":{"start":{"line":25,"column":31},"end":{"line":89,"column":null}},"line":25},"1":{"name":"(anonymous_1)","decl":{"start":{"line":33,"column":22},"end":{"line":33,"column":28}},"loc":{"start":{"line":33,"column":28},"end":{"line":33,"column":null}},"line":33},"2":{"name":"(anonymous_2)","decl":{"start":{"line":34,"column":22},"end":{"line":34,"column":28}},"loc":{"start":{"line":34,"column":28},"end":{"line":34,"column":null}},"line":34},"3":{"name":"(anonymous_3)","decl":{"start":{"line":49,"column":17},"end":{"line":49,"column":23}},"loc":{"start":{"line":49,"column":23},"end":{"line":49,"column":null}},"line":49},"4":{"name":"(anonymous_4)","decl":{"start":{"line":71,"column":19},"end":{"line":71,"column":20}},"loc":{"start":{"line":71,"column":26},"end":{"line":74,"column":null}},"line":71}},"branchMap":{"0":{"loc":{"start":{"line":22,"column":2},"end":{"line":22,"column":null}},"type":"default-arg","locations":[{"start":{"line":22,"column":16},"end":{"line":22,"column":null}}],"line":22},"1":{"loc":{"start":{"line":37,"column":9},"end":{"line":45,"column":null}},"type":"binary-expr","locations":[{"start":{"line":37,"column":9},"end":{"line":37,"column":null}},{"start":{"line":38,"column":10},"end":{"line":45,"column":null}}],"line":37},"2":{"loc":{"start":{"line":42,"column":21},"end":{"line":42,"column":null}},"type":"cond-expr","locations":[{"start":{"line":42,"column":30},"end":{"line":42,"column":42}},{"start":{"line":42,"column":42},"end":{"line":42,"column":null}}],"line":42},"3":{"loc":{"start":{"line":54,"column":9},"end":{"line":57,"column":null}},"type":"binary-expr","locations":[{"start":{"line":54,"column":9},"end":{"line":54,"column":null}},{"start":{"line":55,"column":10},"end":{"line":57,"column":null}}],"line":54},"4":{"loc":{"start":{"line":62,"column":19},"end":{"line":62,"column":null}},"type":"binary-expr","locations":[{"start":{"line":62,"column":19},"end":{"line":62,"column":38}},{"start":{"line":62,"column":38},"end":{"line":62,"column":null}}],"line":62},"5":{"loc":{"start":{"line":62,"column":38},"end":{"line":62,"column":null}},"type":"cond-expr","locations":[{"start":{"line":62,"column":47},"end":{"line":62,"column":59}},{"start":{"line":62,"column":59},"end":{"line":62,"column":null}}],"line":62},"6":{"loc":{"start":{"line":69,"column":7},"end":{"line":85,"column":null}},"type":"binary-expr","locations":[{"start":{"line":69,"column":7},"end":{"line":69,"column":22}},{"start":{"line":69,"column":22},"end":{"line":69,"column":null}},{"start":{"line":70,"column":8},"end":{"line":85,"column":null}}],"line":69},"7":{"loc":{"start":{"line":76,"column":28},"end":{"line":76,"column":46}},"type":"cond-expr","locations":[{"start":{"line":76,"column":40},"end":{"line":76,"column":44}},{"start":{"line":76,"column":44},"end":{"line":76,"column":46}}],"line":76},"8":{"loc":{"start":{"line":83,"column":19},"end":{"line":83,"column":50}},"type":"cond-expr","locations":[{"start":{"line":83,"column":28},"end":{"line":83,"column":40}},{"start":{"line":83,"column":40},"end":{"line":83,"column":50}}],"line":83}},"s":{"0":1,"1":1,"2":12,"3":12,"4":12,"5":6,"6":1,"7":2,"8":1,"9":1},"f":{"0":12,"1":6,"2":1,"3":2,"4":1},"b":{"0":[12],"1":[12,3],"2":[0,3],"3":[12,12],"4":[12,0],"5":[0,0],"6":[12,7,7],"7":[5,2],"8":[0,7]},"meta":{"lastBranch":9,"lastFunction":5,"lastStatement":10,"seen":{"s:39:12:39:13":0,"s:4:25:4:Infinity":1,"f:18:16:18:38":0,"b:22:16:22:Infinity":0,"s:26:21:26:Infinity":2,"s:27:36:27:Infinity":3,"s:29:2:87:Infinity":4,"f:33:22:33:28":1,"s:33:28:33:Infinity":5,"f:34:22:34:28":2,"s:34:28:34:Infinity":6,"b:37:9:37:Infinity:38:10:45:Infinity":1,"b:42:30:42:42:42:42:42:Infinity":2,"f:49:17:49:23":3,"s:49:23:49:Infinity":7,"b:54:9:54:Infinity:55:10:57:Infinity":3,"b:62:19:62:38:62:38:62:Infinity":4,"b:62:47:62:59:62:59:62:Infinity":5,"b:69:7:69:22:69:22:69:Infinity:70:8:85:Infinity":6,"f:71:19:71:20":4,"s:72:12:72:Infinity":8,"s:73:12:73:Infinity":9,"b:76:40:76:44:76:44:76:46":7,"b:83:28:83:40:83:40:83:50":8}}}
,"/__w/expo-fullstack-starter/expo-fullstack-starter/components/todos/CreateTodoForm.tsx": {"path":"/__w/expo-fullstack-starter/expo-fullstack-starter/components/todos/CreateTodoForm.tsx","statementMap":{"0":{"start":{"line":84,"column":6},"end":{"line":84,"column":7}},"1":{"start":{"line":6,"column":43},"end":{"line":6,"column":null}},"2":{"start":{"line":22,"column":1},"end":{"line":22,"column":null}},"3":{"start":{"line":30,"column":28},"end":{"line":30,"column":null}},"4":{"start":{"line":31,"column":40},"end":{"line":31,"column":null}},"5":{"start":{"line":32,"column":50},"end":{"line":34,"column":null}},"6":{"start":{"line":35,"column":34},"end":{"line":35,"column":null}},"7":{"start":{"line":37,"column":27},"end":{"line":37,"column":null}},"8":{"start":{"line":38,"column":44},"end":{"line":38,"column":null}},"9":{"start":{"line":40,"column":35},"end":{"line":40,"column":null}},"10":{"start":{"line":42,"column":25},"end":{"line":48,"column":null}},"11":{"start":{"line":44,"column":33},"end":{"line":44,"column":34}},"12":{"start":{"line":44,"column":33},"end":{"line":48,"column":3}},"13":{"start":{"line":43,"column":4},"end":{"line":47,"column":null}},"14":{"start":{"line":48,"column":3},"end":{"line":44,"column":34}},"15":{"start":{"line":50,"column":2},"end":{"line":54,"column":null}},"16":{"start":{"line":51,"column":4},"end":{"line":53,"column":null}},"17":{"start":{"line":56,"column":19},"end":{"line":66,"column":null}},"18":{"start":{"line":57,"column":4},"end":{"line":57,"column":null}},"19":{"start":{"line":58,"column":21},"end":{"line":58,"column":null}},"20":{"start":{"line":59,"column":4},"end":{"line":64,"column":null}},"21":{"start":{"line":60,"column":6},"end":{"line":60,"column":null}},"22":{"start":{"line":61,"column":6},"end":{"line":61,"column":null}},"23":{"start":{"line":62,"column":6},"end":{"line":62,"column":null}},"24":{"start":{"line":63,"column":6},"end":{"line":63,"column":null}},"25":{"start":{"line":65,"column":4},"end":{"line":65,"column":null}},"26":{"start":{"line":68,"column":30},"end":{"line":74,"column":null}},"27":{"start":{"line":69,"column":4},"end":{"line":73,"column":null}},"28":{"start":{"line":70,"column":6},"end":{"line":70,"column":null}},"29":{"start":{"line":72,"column":6},"end":{"line":72,"column":null}},"30":{"start":{"line":76,"column":21},"end":{"line":80,"column":null}},"31":{"start":{"line":77,"column":4},"end":{"line":79,"column":null}},"32":{"start":{"line":78,"column":6},"end":{"line":78,"column":null}},"33":{"start":{"line":82,"column":2},"end":{"line":138,"column":null}},"34":{"start":{"line":92,"column":23},"end":{"line":92,"column":null}},"35":{"start":{"line":109,"column":27},"end":{"line":109,"column":null}},"36":{"start":{"line":119,"column":14},"end":{"line":125,"column":null}}},"fnMap":{"0":{"name":"CreateTodoForm","decl":{"start":{"line":24,"column":24},"end":{"line":24,"column":39}},"loc":{"start":{"line":29,"column":24},"end":{"line":140,"column":null}},"line":29},"1":{"name":"CreateTodoFormTsx1Factory","decl":{"start":{"line":42,"column":42},"end":{"line":42,"column":48}},"loc":{"start":{"line":44,"column":33},"end":{"line":44,"column":34}},"line":44},"2":{"name":"(anonymous_2)","decl":{"start":{"line":44,"column":33},"end":{"line":44,"column":34}},"loc":{"start":{"line":42,"column":48},"end":{"line":48,"column":3}},"line":42},"3":{"name":"(anonymous_3)","decl":{"start":{"line":50,"column":12},"end":{"line":50,"column":18}},"loc":{"start":{"line":50,"column":18},"end":{"line":54,"column":5}},"line":50},"4":{"name":"(anonymous_4)","decl":{"start":{"line":56,"column":19},"end":{"line":56,"column":31}},"loc":{"start":{"line":56,"column":31},"end":{"line":66,"column":null}},"line":56},"5":{"name":"(anonymous_5)","decl":{"start":{"line":68,"column":30},"end":{"line":68,"column":31}},"loc":{"start":{"line":68,"column":66},"end":{"line":74,"column":null}},"line":68},"6":{"name":"(anonymous_6)","decl":{"start":{"line":76,"column":21},"end":{"line":76,"column":27}},"loc":{"start":{"line":76,"column":27},"end":{"line":80,"column":null}},"line":76},"7":{"name":"(anonymous_7)","decl":{"start":{"line":92,"column":17},"end":{"line":92,"column":23}},"loc":{"start":{"line":92,"column":23},"end":{"line":92,"column":null}},"line":92},"8":{"name":"(anonymous_8)","decl":{"start":{"line":109,"column":21},"end":{"line":109,"column":27}},"loc":{"start":{"line":109,"column":27},"end":{"line":109,"column":null}},"line":109},"9":{"name":"(anonymous_9)","decl":{"start":{"line":118,"column":29},"end":{"line":118,"column":30}},"loc":{"start":{"line":119,"column":14},"end":{"line":125,"column":null}},"line":119}},"branchMap":{"0":{"loc":{"start":{"line":40,"column":35},"end":{"line":40,"column":null}},"type":"binary-expr","locations":[{"start":{"line":40,"column":35},"end":{"line":40,"column":53}},{"start":{"line":40,"column":53},"end":{"line":40,"column":null}}],"line":40},"1":{"loc":{"start":{"line":51,"column":40},"end":{"line":51,"column":74}},"type":"cond-expr","locations":[{"start":{"line":51,"column":67},"end":{"line":51,"column":71}},{"start":{"line":51,"column":71},"end":{"line":51,"column":74}}],"line":51},"2":{"loc":{"start":{"line":52,"column":16},"end":{"line":52,"column":null}},"type":"cond-expr","locations":[{"start":{"line":52,"column":43},"end":{"line":52,"column":49}},{"start":{"line":52,"column":49},"end":{"line":52,"column":null}}],"line":52},"3":{"loc":{"start":{"line":59,"column":4},"end":{"line":64,"column":null}},"type":"if","locations":[{"start":{"line":59,"column":4},"end":{"line":64,"column":null}},{"start":{},"end":{}}],"line":59},"4":{"loc":{"start":{"line":69,"column":4},"end":{"line":73,"column":null}},"type":"if","locations":[{"start":{"line":69,"column":4},"end":{"line":73,"column":null}},{"start":{"line":71,"column":11},"end":{"line":73,"column":null}}],"line":69},"5":{"loc":{"start":{"line":77,"column":4},"end":{"line":79,"column":null}},"type":"if","locations":[{"start":{"line":77,"column":4},"end":{"line":79,"column":null}},{"start":{},"end":{}}],"line":77},"6":{"loc":{"start":{"line":133,"column":22},"end":{"line":133,"column":null}},"type":"binary-expr","locations":[{"start":{"line":133,"column":22},"end":{"line":133,"column":35}},{"start":{"line":133,"column":35},"end":{"line":133,"column":null}}],"line":133},"7":{"loc":{"start":{"line":134,"column":15},"end":{"line":134,"column":65}},"type":"cond-expr","locations":[{"start":{"line":134,"column":27},"end":{"line":134,"column":46}},{"start":{"line":134,"column":46},"end":{"line":134,"column":65}}],"line":134}},"s":{"0":1,"1":1,"2":1,"3":100,"4":100,"5":100,"6":100,"7":100,"8":100,"9":100,"10":100,"11":100,"12":100,"13":150,"14":100,"15":100,"16":15,"17":100,"18":3,"19":3,"20":3,"21":2,"22":2,"23":2,"24":2,"25":3,"26":100,"27":3,"28":1,"29":2,"30":100,"31":8,"32":2,"33":100,"34":5,"35":3,"36":249},"f":{"0":100,"1":100,"2":150,"3":15,"4":3,"5":3,"6":8,"7":5,"8":3,"9":249},"b":{"0":[100,12],"1":[5,10],"2":[5,10],"3":[2,1],"4":[1,2],"5":[2,6],"6":[100,97],"7":[3,97]},"meta":{"lastBranch":8,"lastFunction":10,"lastStatement":37,"seen":{"s:84:6:84:7":0,"s:6:43:6:Infinity":1,"s:22:1:22:Infinity":2,"f:24:24:24:39":0,"s:30:28:30:Infinity":3,"s:31:40:31:Infinity":4,"s:32:50:34:Infinity":5,"s:35:34:35:Infinity":6,"s:37:27:37:Infinity":7,"s:38:44:38:Infinity":8,"s:40:35:40:Infinity":9,"b:40:35:40:53:40:53:40:Infinity":0,"s:42:25:48:Infinity":10,"f:42:42:42:48":1,"s:44:33:44:34":11,"s:44:33:48:3":12,"f:44:33:44:34":2,"s:43:4:47:Infinity":13,"s:48:3:44:34":14,"s:50:2:54:Infinity":15,"f:50:12:50:18":3,"s:51:4:53:Infinity":16,"b:51:67:51:71:51:71:51:74":1,"b:52:43:52:49:52:49:52:Infinity":2,"s:56:19:66:Infinity":17,"f:56:19:56:31":4,"s:57:4:57:Infinity":18,"s:58:21:58:Infinity":19,"b:59:4:64:Infinity:undefined:undefined:undefined:undefined":3,"s:59:4:64:Infinity":20,"s:60:6:60:Infinity":21,"s:61:6:61:Infinity":22,"s:62:6:62:Infinity":23,"s:63:6:63:Infinity":24,"s:65:4:65:Infinity":25,"s:68:30:74:Infinity":26,"f:68:30:68:31":5,"b:69:4:73:Infinity:71:11:73:Infinity":4,"s:69:4:73:Infinity":27,"s:70:6:70:Infinity":28,"s:72:6:72:Infinity":29,"s:76:21:80:Infinity":30,"f:76:21:76:27":6,"b:77:4:79:Infinity:undefined:undefined:undefined:undefined":5,"s:77:4:79:Infinity":31,"s:78:6:78:Infinity":32,"s:82:2:138:Infinity":33,"f:92:17:92:23":7,"s:92:23:92:Infinity":34,"f:109:21:109:27":8,"s:109:27:109:Infinity":35,"f:118:29:118:30":9,"s:119:14:125:Infinity":36,"b:133:22:133:35:133:35:133:Infinity":6,"b:134:27:134:46:134:46:134:65":7}}}
,"/__w/expo-fullstack-starter/expo-fullstack-starter/components/todos/FormColorSelector.tsx": {"path":"/__w/expo-fullstack-starter/expo-fullstack-starter/components/todos/FormColorSelector.tsx","statementMap":{"0":{"start":{"line":27,"column":6},"end":{"line":27,"column":7}},"1":{"start":{"line":23,"column":16},"end":{"line":23,"column":null}},"2":{"start":{"line":25,"column":2},"end":{"line":52,"column":null}},"3":{"start":{"line":32,"column":10},"end":{"line":49,"column":null}},"4":{"start":{"line":34,"column":27},"end":{"line":34,"column":null}}},"fnMap":{"0":{"name":"FormColorSelector","decl":{"start":{"line":15,"column":16},"end":{"line":15,"column":34}},"loc":{"start":{"line":22,"column":27},"end":{"line":54,"column":null}},"line":22},"1":{"name":"(anonymous_1)","decl":{"start":{"line":31,"column":20},"end":{"line":31,"column":21}},"loc":{"start":{"line":32,"column":10},"end":{"line":49,"column":null}},"line":32},"2":{"name":"(anonymous_2)","decl":{"start":{"line":34,"column":21},"end":{"line":34,"column":27}},"loc":{"start":{"line":34,"column":27},"end":{"line":34,"column":null}},"line":34}},"branchMap":{"0":{"loc":{"start":{"line":20,"column":2},"end":{"line":20,"column":null}},"type":"default-arg","locations":[{"start":{"line":20,"column":13},"end":{"line":20,"column":null}}],"line":20},"1":{"loc":{"start":{"line":36,"column":14},"end":{"line":38,"column":56}},"type":"cond-expr","locations":[{"start":{"line":37,"column":18},"end":{"line":37,"column":null}},{"start":{"line":38,"column":18},"end":{"line":38,"column":56}}],"line":36},"2":{"loc":{"start":{"line":46,"column":13},"end":{"line":48,"column":null}},"type":"cond-expr","locations":[{"start":{"line":47,"column":14},"end":{"line":47,"column":null}},{"start":{"line":48,"column":16},"end":{"line":48,"column":null}}],"line":46}},"s":{"0":3,"1":30,"2":30,"3":210,"4":3},"f":{"0":30,"1":210,"2":3},"b":{"0":[30],"1":[30,180],"2":[30,180]},"meta":{"lastBranch":3,"lastFunction":3,"lastStatement":5,"seen":{"s:27:6:27:7":0,"f:15:16:15:34":0,"b:20:13:20:Infinity":0,"s:23:16:23:Infinity":1,"s:25:2:52:Infinity":2,"f:31:20:31:21":1,"s:32:10:49:Infinity":3,"f:34:21:34:27":2,"s:34:27:34:Infinity":4,"b:37:18:37:Infinity:38:18:38:56":1,"b:47:14:47:Infinity:48:16:48:Infinity":2}}}
,"/__w/expo-fullstack-starter/expo-fullstack-starter/components/todos/FormIconSelector.tsx": {"path":"/__w/expo-fullstack-starter/expo-fullstack-starter/components/todos/FormIconSelector.tsx","statementMap":{"0":{"start":{"line":26,"column":6},"end":{"line":26,"column":7}},"1":{"start":{"line":22,"column":16},"end":{"line":22,"column":null}},"2":{"start":{"line":24,"column":2},"end":{"line":48,"column":null}},"3":{"start":{"line":31,"column":10},"end":{"line":45,"column":null}},"4":{"start":{"line":33,"column":27},"end":{"line":33,"column":null}}},"fnMap":{"0":{"name":"FormIconSelector","decl":{"start":{"line":14,"column":16},"end":{"line":14,"column":33}},"loc":{"start":{"line":21,"column":26},"end":{"line":50,"column":null}},"line":21},"1":{"name":"(anonymous_1)","decl":{"start":{"line":30,"column":19},"end":{"line":30,"column":20}},"loc":{"start":{"line":31,"column":10},"end":{"line":45,"column":null}},"line":31},"2":{"name":"(anonymous_2)","decl":{"start":{"line":33,"column":21},"end":{"line":33,"column":27}},"loc":{"start":{"line":33,"column":27},"end":{"line":33,"column":null}},"line":33}},"branchMap":{"0":{"loc":{"start":{"line":19,"column":2},"end":{"line":19,"column":null}},"type":"default-arg","locations":[{"start":{"line":19,"column":13},"end":{"line":19,"column":null}}],"line":19},"1":{"loc":{"start":{"line":35,"column":14},"end":{"line":37,"column":82}},"type":"cond-expr","locations":[{"start":{"line":36,"column":18},"end":{"line":36,"column":null}},{"start":{"line":37,"column":18},"end":{"line":37,"column":82}}],"line":35}},"s":{"0":3,"1":30,"2":30,"3":240,"4":3},"f":{"0":30,"1":240,"2":3},"b":{"0":[30],"1":[30,210]},"meta":{"lastBranch":2,"lastFunction":3,"lastStatement":5,"seen":{"s:26:6:26:7":0,"f:14:16:14:33":0,"b:19:13:19:Infinity":0,"s:22:16:22:Infinity":1,"s:24:2:48:Infinity":2,"f:30:19:30:20":1,"s:31:10:45:Infinity":3,"f:33:21:33:27":2,"s:33:27:33:Infinity":4,"b:36:18:36:Infinity:37:18:37:82":1}}}
,"/__w/expo-fullstack-starter/expo-fullstack-starter/components/todos/NativeCategorySelector.tsx": {"path":"/__w/expo-fullstack-starter/expo-fullstack-starter/components/todos/NativeCategorySelector.tsx","statementMap":{"0":{"start":{"line":39,"column":8},"end":{"line":39,"column":9}},"1":{"start":{"line":28,"column":16},"end":{"line":28,"column":null}},"2":{"start":{"line":30,"column":2},"end":{"line":98,"column":null}},"3":{"start":{"line":52,"column":37},"end":{"line":52,"column":61}},"4":{"start":{"line":69,"column":37},"end":{"line":69,"column":71}},"5":{"start":{"line":74,"column":10},"end":{"line":83,"column":null}},"6":{"start":{"line":80,"column":39},"end":{"line":80,"column":null}},"7":{"start":{"line":82,"column":37},"end":{"line":82,"column":64}}},"fnMap":{"0":{"name":"NativeCategorySelector","decl":{"start":{"line":19,"column":16},"end":{"line":19,"column":39}},"loc":{"start":{"line":27,"column":32},"end":{"line":100,"column":null}},"line":27},"1":{"name":"(anonymous_1)","decl":{"start":{"line":52,"column":31},"end":{"line":52,"column":37}},"loc":{"start":{"line":52,"column":37},"end":{"line":52,"column":61}},"line":52},"2":{"name":"(anonymous_2)","decl":{"start":{"line":69,"column":31},"end":{"line":69,"column":37}},"loc":{"start":{"line":69,"column":37},"end":{"line":69,"column":71}},"line":69},"3":{"name":"(anonymous_3)","decl":{"start":{"line":73,"column":25},"end":{"line":73,"column":26}},"loc":{"start":{"line":74,"column":10},"end":{"line":83,"column":null}},"line":74},"4":{"name":"(anonymous_4)","decl":{"start":{"line":80,"column":33},"end":{"line":80,"column":39}},"loc":{"start":{"line":80,"column":39},"end":{"line":80,"column":null}},"line":80},"5":{"name":"(anonymous_5)","decl":{"start":{"line":82,"column":31},"end":{"line":82,"column":37}},"loc":{"start":{"line":82,"column":37},"end":{"line":82,"column":64}},"line":82}},"branchMap":{"0":{"loc":{"start":{"line":82,"column":14},"end":{"line":82,"column":null}},"type":"cond-expr","locations":[{"start":{"line":82,"column":31},"end":{"line":82,"column":64}},{"start":{"line":82,"column":64},"end":{"line":82,"column":null}}],"line":82}},"s":{"0":1,"1":6,"2":6,"3":1,"4":1,"5":22,"6":1,"7":1},"f":{"0":6,"1":1,"2":1,"3":22,"4":1,"5":1},"b":{"0":[1,10]},"meta":{"lastBranch":1,"lastFunction":6,"lastStatement":8,"seen":{"s:39:8:39:9":0,"f:19:16:19:39":0,"s:28:16:28:Infinity":1,"s:30:2:98:Infinity":2,"f:52:31:52:37":1,"s:52:37:52:61":3,"f:69:31:69:37":2,"s:69:37:69:71":4,"f:73:25:73:26":3,"s:74:10:83:Infinity":5,"f:80:33:80:39":4,"s:80:39:80:Infinity":6,"b:82:31:82:64:82:64:82:Infinity":0,"f:82:31:82:37":5,"s:82:37:82:64":7}}}
,"/__w/expo-fullstack-starter/expo-fullstack-starter/components/todos/TodoItem.tsx": {"path":"/__w/expo-fullstack-starter/expo-fullstack-starter/components/todos/TodoItem.tsx","statementMap":{"0":{"start":{"line":118,"column":14},"end":{"line":118,"column":15}},"1":{"start":{"line":3,"column":36},"end":{"line":3,"column":null}},"2":{"start":{"line":30,"column":36},"end":{"line":30,"column":null}},"3":{"start":{"line":32,"column":42},"end":{"line":32,"column":null}},"4":{"start":{"line":33,"column":34},"end":{"line":33,"column":null}},"5":{"start":{"line":35,"column":32},"end":{"line":35,"column":null}},"6":{"start":{"line":36,"column":38},"end":{"line":36,"column":null}},"7":{"start":{"line":37,"column":50},"end":{"line":39,"column":null}},"8":{"start":{"line":40,"column":48},"end":{"line":42,"column":null}},"9":{"start":{"line":44,"column":2},"end":{"line":50,"column":null}},"10":{"start":{"line":45,"column":4},"end":{"line":49,"column":null}},"11":{"start":{"line":46,"column":6},"end":{"line":46,"column":null}},"12":{"start":{"line":47,"column":6},"end":{"line":47,"column":null}},"13":{"start":{"line":48,"column":6},"end":{"line":48,"column":null}},"14":{"start":{"line":52,"column":23},"end":{"line":58,"column":null}},"15":{"start":{"line":53,"column":4},"end":{"line":53,"column":null}},"16":{"start":{"line":54,"column":4},"end":{"line":54,"column":null}},"17":{"start":{"line":55,"column":4},"end":{"line":55,"column":null}},"18":{"start":{"line":56,"column":4},"end":{"line":56,"column":null}},"19":{"start":{"line":57,"column":4},"end":{"line":57,"column":null}},"20":{"start":{"line":60,"column":21},"end":{"line":77,"column":null}},"21":{"start":{"line":61,"column":4},"end":{"line":61,"column":null}},"22":{"start":{"line":62,"column":4},"end":{"line":62,"column":null}},"23":{"start":{"line":64,"column":4},"end":{"line":76,"column":null}},"24":{"start":{"line":65,"column":6},"end":{"line":70,"column":null}},"25":{"start":{"line":71,"column":6},"end":{"line":71,"column":null}},"26":{"start":{"line":73,"column":6},"end":{"line":73,"column":null}},"27":{"start":{"line":75,"column":6},"end":{"line":75,"column":null}},"28":{"start":{"line":79,"column":28},"end":{"line":81,"column":null}},"29":{"start":{"line":80,"column":4},"end":{"line":80,"column":null}},"30":{"start":{"line":83,"column":23},"end":{"line":85,"column":null}},"31":{"start":{"line":84,"column":4},"end":{"line":84,"column":null}},"32":{"start":{"line":87,"column":30},"end":{"line":93,"column":null}},"33":{"start":{"line":88,"column":4},"end":{"line":92,"column":null}},"34":{"start":{"line":89,"column":6},"end":{"line":89,"column":null}},"35":{"start":{"line":91,"column":6},"end":{"line":91,"column":null}},"36":{"start":{"line":95,"column":2},"end":{"line":265,"column":null}},"37":{"start":{"line":97,"column":28},"end":{"line":97,"column":null}},"38":{"start":{"line":98,"column":28},"end":{"line":98,"column":null}},"39":{"start":{"line":105,"column":10},"end":{"line":107,"column":null}},"40":{"start":{"line":106,"column":12},"end":{"line":106,"column":null}},"41":{"start":{"line":110,"column":10},"end":{"line":112,"column":null}},"42":{"start":{"line":111,"column":12},"end":{"line":111,"column":null}},"43":{"start":{"line":187,"column":45},"end":{"line":187,"column":null}},"44":{"start":{"line":197,"column":45},"end":{"line":197,"column":null}},"45":{"start":{"line":208,"column":24},"end":{"line":214,"column":null}},"46":{"start":{"line":253,"column":16},"end":{"line":253,"column":null}},"47":{"start":{"line":254,"column":16},"end":{"line":254,"column":null}}},"fnMap":{"0":{"name":"TodoItem","decl":{"start":{"line":23,"column":16},"end":{"line":23,"column":25}},"loc":{"start":{"line":29,"column":18},"end":{"line":267,"column":null}},"line":29},"1":{"name":"(anonymous_1)","decl":{"start":{"line":44,"column":12},"end":{"line":44,"column":18}},"loc":{"start":{"line":44,"column":18},"end":{"line":50,"column":5}},"line":44},"2":{"name":"(anonymous_2)","decl":{"start":{"line":52,"column":23},"end":{"line":52,"column":29}},"loc":{"start":{"line":52,"column":29},"end":{"line":58,"column":null}},"line":52},"3":{"name":"(anonymous_3)","decl":{"start":{"line":60,"column":21},"end":{"line":60,"column":33}},"loc":{"start":{"line":60,"column":33},"end":{"line":77,"column":null}},"line":60},"4":{"name":"(anonymous_4)","decl":{"start":{"line":79,"column":28},"end":{"line":79,"column":34}},"loc":{"start":{"line":79,"column":34},"end":{"line":81,"column":null}},"line":79},"5":{"name":"(anonymous_5)","decl":{"start":{"line":83,"column":23},"end":{"line":83,"column":29}},"loc":{"start":{"line":83,"column":29},"end":{"line":85,"column":null}},"line":83},"6":{"name":"(anonymous_6)","decl":{"start":{"line":87,"column":30},"end":{"line":87,"column":31}},"loc":{"start":{"line":87,"column":66},"end":{"line":93,"column":null}},"line":87},"7":{"name":"(anonymous_7)","decl":{"start":{"line":97,"column":22},"end":{"line":97,"column":28}},"loc":{"start":{"line":97,"column":28},"end":{"line":97,"column":null}},"line":97},"8":{"name":"(anonymous_8)","decl":{"start":{"line":98,"column":22},"end":{"line":98,"column":28}},"loc":{"start":{"line":98,"column":28},"end":{"line":98,"column":null}},"line":98},"9":{"name":"(anonymous_9)","decl":{"start":{"line":104,"column":17},"end":{"line":104,"column":23}},"loc":{"start":{"line":104,"column":23},"end":{"line":108,"column":null}},"line":104},"10":{"name":"(anonymous_10)","decl":{"start":{"line":109,"column":21},"end":{"line":109,"column":27}},"loc":{"start":{"line":109,"column":27},"end":{"line":113,"column":null}},"line":109},"11":{"name":"(anonymous_11)","decl":{"start":{"line":187,"column":34},"end":{"line":187,"column":35}},"loc":{"start":{"line":187,"column":45},"end":{"line":187,"column":null}},"line":187},"12":{"name":"(anonymous_12)","decl":{"start":{"line":197,"column":34},"end":{"line":197,"column":35}},"loc":{"start":{"line":197,"column":45},"end":{"line":197,"column":null}},"line":197},"13":{"name":"(anonymous_13)","decl":{"start":{"line":207,"column":38},"end":{"line":207,"column":39}},"loc":{"start":{"line":208,"column":24},"end":{"line":214,"column":null}},"line":208},"14":{"name":"(anonymous_14)","decl":{"start":{"line":252,"column":23},"end":{"line":252,"column":24}},"loc":{"start":{"line":252,"column":30},"end":{"line":255,"column":null}},"line":252}},"branchMap":{"0":{"loc":{"start":{"line":38,"column":4},"end":{"line":38,"column":null}},"type":"binary-expr","locations":[{"start":{"line":38,"column":4},"end":{"line":38,"column":24}},{"start":{"line":38,"column":24},"end":{"line":38,"column":null}}],"line":38},"1":{"loc":{"start":{"line":41,"column":4},"end":{"line":41,"column":null}},"type":"binary-expr","locations":[{"start":{"line":41,"column":4},"end":{"line":41,"column":23}},{"start":{"line":41,"column":23},"end":{"line":41,"column":null}}],"line":41},"2":{"loc":{"start":{"line":45,"column":4},"end":{"line":49,"column":null}},"type":"if","locations":[{"start":{"line":45,"column":4},"end":{"line":49,"column":null}},{"start":{},"end":{}}],"line":45},"3":{"loc":{"start":{"line":47,"column":26},"end":{"line":47,"column":48}},"type":"binary-expr","locations":[{"start":{"line":47,"column":26},"end":{"line":47,"column":46}},{"start":{"line":47,"column":46},"end":{"line":47,"column":48}}],"line":47},"4":{"loc":{"start":{"line":48,"column":25},"end":{"line":48,"column":53}},"type":"binary-expr","locations":[{"start":{"line":48,"column":25},"end":{"line":48,"column":44}},{"start":{"line":48,"column":44},"end":{"line":48,"column":53}}],"line":48},"5":{"loc":{"start":{"line":54,"column":24},"end":{"line":54,"column":46}},"type":"binary-expr","locations":[{"start":{"line":54,"column":24},"end":{"line":54,"column":44}},{"start":{"line":54,"column":44},"end":{"line":54,"column":46}}],"line":54},"6":{"loc":{"start":{"line":55,"column":23},"end":{"line":55,"column":51}},"type":"binary-expr","locations":[{"start":{"line":55,"column":23},"end":{"line":55,"column":42}},{"start":{"line":55,"column":42},"end":{"line":55,"column":51}}],"line":55},"7":{"loc":{"start":{"line":69,"column":8},"end":{"line":69,"column":null}},"type":"binary-expr","locations":[{"start":{"line":69,"column":8},"end":{"line":69,"column":27}},{"start":{"line":69,"column":27},"end":{"line":69,"column":null}}],"line":69},"8":{"loc":{"start":{"line":88,"column":4},"end":{"line":92,"column":null}},"type":"if","locations":[{"start":{"line":88,"column":4},"end":{"line":92,"column":null}},{"start":{"line":90,"column":11},"end":{"line":92,"column":null}}],"line":88},"9":{"loc":{"start":{"line":102,"column":10},"end":{"line":102,"column":71}},"type":"cond-expr","locations":[{"start":{"line":102,"column":21},"end":{"line":102,"column":69}},{"start":{"line":102,"column":69},"end":{"line":102,"column":71}}],"line":102},"10":{"loc":{"start":{"line":105,"column":10},"end":{"line":107,"column":null}},"type":"if","locations":[{"start":{"line":105,"column":10},"end":{"line":107,"column":null}},{"start":{},"end":{}}],"line":105},"11":{"loc":{"start":{"line":110,"column":10},"end":{"line":112,"column":null}},"type":"if","locations":[{"start":{"line":110,"column":10},"end":{"line":112,"column":null}},{"start":{},"end":{}}],"line":110},"12":{"loc":{"start":{"line":110,"column":14},"end":{"line":110,"column":49}},"type":"binary-expr","locations":[{"start":{"line":110,"column":14},"end":{"line":110,"column":39}},{"start":{"line":110,"column":39},"end":{"line":110,"column":49}}],"line":110},"13":{"loc":{"start":{"line":116,"column":11},"end":{"line":144,"column":null}},"type":"binary-expr","locations":[{"start":{"line":116,"column":11},"end":{"line":116,"column":null}},{"start":{"line":117,"column":12},"end":{"line":144,"column":null}}],"line":116},"14":{"loc":{"start":{"line":147,"column":11},"end":{"line":160,"column":null}},"type":"binary-expr","locations":[{"start":{"line":147,"column":11},"end":{"line":147,"column":28}},{"start":{"line":147,"column":28},"end":{"line":147,"column":null}},{"start":{"line":148,"column":12},"end":{"line":160,"column":null}}],"line":147},"15":{"loc":{"start":{"line":149,"column":15},"end":{"line":151,"column":null}},"type":"cond-expr","locations":[{"start":{"line":150,"column":16},"end":{"line":150,"column":null}},{"start":{"line":151,"column":18},"end":{"line":151,"column":null}}],"line":149},"16":{"loc":{"start":{"line":155,"column":25},"end":{"line":155,"column":null}},"type":"binary-expr","locations":[{"start":{"line":155,"column":25},"end":{"line":155,"column":48}},{"start":{"line":155,"column":48},"end":{"line":155,"column":null}}],"line":155},"17":{"loc":{"start":{"line":164,"column":13},"end":{"line":177,"column":null}},"type":"binary-expr","locations":[{"start":{"line":164,"column":13},"end":{"line":164,"column":null}},{"start":{"line":165,"column":14},"end":{"line":177,"column":null}}],"line":164},"18":{"loc":{"start":{"line":167,"column":18},"end":{"line":169,"column":60}},"type":"cond-expr","locations":[{"start":{"line":168,"column":22},"end":{"line":168,"column":null}},{"start":{"line":169,"column":22},"end":{"line":169,"column":60}}],"line":167},"19":{"loc":{"start":{"line":172,"column":17},"end":{"line":175,"column":null}},"type":"binary-expr","locations":[{"start":{"line":172,"column":17},"end":{"line":172,"column":null}},{"start":{"line":173,"column":18},"end":{"line":175,"column":null}}],"line":172},"20":{"loc":{"start":{"line":181,"column":15},"end":{"line":244,"column":null}},"type":"cond-expr","locations":[{"start":{"line":182,"column":16},"end":{"line":220,"column":null}},{"start":{"line":222,"column":16},"end":{"line":244,"column":null}}],"line":181},"21":{"loc":{"start":{"line":205,"column":19},"end":{"line":217,"column":null}},"type":"binary-expr","locations":[{"start":{"line":205,"column":19},"end":{"line":205,"column":33}},{"start":{"line":205,"column":33},"end":{"line":205,"column":null}},{"start":{"line":206,"column":20},"end":{"line":217,"column":null}}],"line":205},"22":{"loc":{"start":{"line":225,"column":22},"end":{"line":227,"column":57}},"type":"cond-expr","locations":[{"start":{"line":226,"column":26},"end":{"line":226,"column":null}},{"start":{"line":227,"column":26},"end":{"line":227,"column":57}}],"line":225},"23":{"loc":{"start":{"line":233,"column":19},"end":{"line":242,"column":null}},"type":"binary-expr","locations":[{"start":{"line":233,"column":19},"end":{"line":233,"column":null}},{"start":{"line":234,"column":20},"end":{"line":242,"column":null}}],"line":233},"24":{"loc":{"start":{"line":236,"column":24},"end":{"line":238,"column":62}},"type":"cond-expr","locations":[{"start":{"line":237,"column":28},"end":{"line":237,"column":null}},{"start":{"line":238,"column":28},"end":{"line":238,"column":62}}],"line":236},"25":{"loc":{"start":{"line":249,"column":9},"end":{"line":262,"column":null}},"type":"binary-expr","locations":[{"start":{"line":249,"column":9},"end":{"line":249,"column":21}},{"start":{"line":249,"column":21},"end":{"line":249,"column":null}},{"start":{"line":250,"column":10},"end":{"line":262,"column":null}}],"line":249},"26":{"loc":{"start":{"line":257,"column":32},"end":{"line":257,"column":50}},"type":"cond-expr","locations":[{"start":{"line":257,"column":44},"end":{"line":257,"column":48}},{"start":{"line":257,"column":48},"end":{"line":257,"column":50}}],"line":257}},"s":{"0":1,"1":1,"2":175,"3":175,"4":175,"5":175,"6":175,"7":175,"8":175,"9":175,"10":23,"11":16,"12":16,"13":16,"14":175,"15":7,"16":7,"17":7,"18":7,"19":7,"20":175,"21":5,"22":5,"23":5,"24":5,"25":4,"26":1,"27":5,"28":175,"29":1,"30":175,"31":1,"32":175,"33":2,"34":1,"35":1,"36":175,"37":41,"38":1,"39":6,"40":1,"41":1,"42":1,"43":52,"44":39,"45":375,"46":6,"47":6},"f":{"0":175,"1":23,"2":7,"3":5,"4":1,"5":1,"6":2,"7":41,"8":1,"9":6,"10":1,"11":52,"12":39,"13":375,"14":6},"b":{"0":[175,56],"1":[175,56],"2":[16,7],"3":[16,3],"4":[16,3],"5":[7,1],"6":[7,1],"7":[5,2],"8":[1,1],"9":[50,125],"10":[1,5],"11":[1,0],"12":[1,1],"13":[175,125],"14":[175,119,41],"15":[38,3],"16":[41,3],"17":[175,50],"18":[4,46],"19":[50,4],"20":[125,50],"21":[125,125,125],"22":[4,46],"23":[50,41],"24":[4,37],"25":[175,50,44],"26":[33,11]},"meta":{"lastBranch":27,"lastFunction":15,"lastStatement":48,"seen":{"s:118:14:118:15":0,"s:3:36:3:Infinity":1,"f:23:16:23:25":0,"s:30:36:30:Infinity":2,"s:32:42:32:Infinity":3,"s:33:34:33:Infinity":4,"s:35:32:35:Infinity":5,"s:36:38:36:Infinity":6,"s:37:50:39:Infinity":7,"b:38:4:38:24:38:24:38:Infinity":0,"s:40:48:42:Infinity":8,"b:41:4:41:23:41:23:41:Infinity":1,"s:44:2:50:Infinity":9,"f:44:12:44:18":1,"b:45:4:49:Infinity:undefined:undefined:undefined:undefined":2,"s:45:4:49:Infinity":10,"s:46:6:46:Infinity":11,"s:47:6:47:Infinity":12,"b:47:26:47:46:47:46:47:48":3,"s:48:6:48:Infinity":13,"b:48:25:48:44:48:44:48:53":4,"s:52:23:58:Infinity":14,"f:52:23:52:29":2,"s:53:4:53:Infinity":15,"s:54:4:54:Infinity":16,"b:54:24:54:44:54:44:54:46":5,"s:55:4:55:Infinity":17,"b:55:23:55:42:55:42:55:51":6,"s:56:4:56:Infinity":18,"s:57:4:57:Infinity":19,"s:60:21:77:Infinity":20,"f:60:21:60:33":3,"s:61:4:61:Infinity":21,"s:62:4:62:Infinity":22,"s:64:4:76:Infinity":23,"s:65:6:70:Infinity":24,"b:69:8:69:27:69:27:69:Infinity":7,"s:71:6:71:Infinity":25,"s:73:6:73:Infinity":26,"s:75:6:75:Infinity":27,"s:79:28:81:Infinity":28,"f:79:28:79:34":4,"s:80:4:80:Infinity":29,"s:83:23:85:Infinity":30,"f:83:23:83:29":5,"s:84:4:84:Infinity":31,"s:87:30:93:Infinity":32,"f:87:30:87:31":6,"b:88:4:92:Infinity:90:11:92:Infinity":8,"s:88:4:92:Infinity":33,"s:89:6:89:Infinity":34,"s:91:6:91:Infinity":35,"s:95:2:265:Infinity":36,"f:97:22:97:28":7,"s:97:28:97:Infinity":37,"f:98:22:98:28":8,"s:98:28:98:Infinity":38,"b:102:21:102:69:102:69:102:71":9,"f:104:17:104:23":9,"b:105:10:107:Infinity:undefined:undefined:undefined:undefined":10,"s:105:10:107:Infinity":39,"s:106:12:106:Infinity":40,"f:109:21:109:27":10,"b:110:10:112:Infinity:undefined:undefined:undefined:undefined":11,"s:110:10:112:Infinity":41,"b:110:14:110:39:110:39:110:49":12,"s:111:12:111:Infinity":42,"b:116:11:116:Infinity:117:12:144:Infinity":13,"b:147:11:147:28:147:28:147:Infinity:148:12:160:Infinity":14,"b:150:16:150:Infinity:151:18:151:Infinity":15,"b:155:25:155:48:155:48:155:Infinity":16,"b:164:13:164:Infinity:165:14:177:Infinity":17,"b:168:22:168:Infinity:169:22:169:60":18,"b:172:17:172:Infinity:173:18:175:Infinity":19,"b:182:16:220:Infinity:222:16:244:Infinity":20,"f:187:34:187:35":11,"s:187:45:187:Infinity":43,"f:197:34:197:35":12,"s:197:45:197:Infinity":44,"b:205:19:205:33:205:33:205:Infinity:206:20:217:Infinity":21,"f:207:38:207:39":13,"s:208:24:214:Infinity":45,"b:226:26:226:Infinity:227:26:227:57":22,"b:233:19:233:Infinity:234:20:242:Infinity":23,"b:237:28:237:Infinity:238:28:238:62":24,"b:249:9:249:21:249:21:249:Infinity:250:10:262:Infinity":25,"f:252:23:252:24":14,"s:253:16:253:Infinity":46,"s:254:16:254:Infinity":47,"b:257:44:257:48:257:48:257:50":26}}}
,"/__w/expo-fullstack-starter/expo-fullstack-starter/lib/i18n.ts": {"path":"/__w/expo-fullstack-starter/expo-fullstack-starter/lib/i18n.ts","statementMap":{"0":{"start":{"line":12,"column":23},"end":{"line":12,"column":null}},"1":{"start":{"line":15,"column":28},"end":{"line":15,"column":null}},"2":{"start":{"line":20,"column":0},"end":{"line":35,"column":null}}},"fnMap":{},"branchMap":{"0":{"loc":{"start":{"line":12,"column":23},"end":{"line":12,"column":null}},"type":"binary-expr","locations":[{"start":{"line":12,"column":23},"end":{"line":12,"column":69}},{"start":{"line":12,"column":69},"end":{"line":12,"column":null}}],"line":12},"1":{"loc":{"start":{"line":15,"column":28},"end":{"line":15,"column":null}},"type":"cond-expr","locations":[{"start":{"line":15,"column":54},"end":{"line":15,"column":61}},{"start":{"line":15,"column":61},"end":{"line":15,"column":null}}],"line":15}},"s":{"0":19,"1":19,"2":19},"f":{},"b":{"0":[19,0],"1":[0,19]},"meta":{"lastBranch":2,"lastFunction":0,"lastStatement":3,"seen":{"s:12:23:12:Infinity":0,"b:12:23:12:69:12:69:12:Infinity":0,"s:15:28:15:Infinity":1,"b:15:54:15:61:15:61:15:Infinity":1,"s:20:0:35:Infinity":2}}}
,"/__w/expo-fullstack-starter/expo-fullstack-starter/locales/de/translation.json": {"path":"/__w/expo-fullstack-starter/expo-fullstack-starter/locales/de/translation.json","statementMap":{},"fnMap":{},"branchMap":{},"s":{},"f":{},"b":{},"meta":{"lastBranch":0,"lastFunction":0,"lastStatement":0,"seen":{}}}
,"/__w/expo-fullstack-starter/expo-fullstack-starter/locales/en/translation.json": {"path":"/__w/expo-fullstack-starter/expo-fullstack-starter/locales/en/translation.json","statementMap":{},"fnMap":{},"branchMap":{},"s":{},"f":{},"b":{},"meta":{"lastBranch":0,"lastFunction":0,"lastStatement":0,"seen":{}}}
}
